TN:
SF:app.js
FN:42,(anonymous_0)
FN:48,(anonymous_1)
FN:49,(anonymous_2)
FN:204,(anonymous_3)
FN:227,(anonymous_4)
FN:244,(anonymous_5)
FNF:6
FNH:3
FNDA:899,(anonymous_0)
FNDA:599,(anonymous_1)
FNDA:599,(anonymous_2)
FNDA:0,(anonymous_3)
FNDA:0,(anonymous_4)
FNDA:0,(anonymous_5)
DA:2,102
DA:4,102
DA:5,102
DA:6,102
DA:10,102
DA:15,0
DA:16,0
DA:17,0
DA:21,102
DA:22,102
DA:23,0
DA:24,0
DA:26,102
DA:27,102
DA:28,102
DA:29,102
DA:32,102
DA:38,102
DA:41,102
DA:42,102
DA:43,899
DA:44,899
DA:45,300
DA:47,599
DA:48,599
DA:49,599
DA:50,599
DA:51,599
DA:52,599
DA:53,599
DA:54,599
DA:55,599
DA:56,599
DA:58,0
DA:59,0
DA:60,0
DA:61,0
DA:62,0
DA:65,0
DA:66,0
DA:67,0
DA:68,0
DA:70,599
DA:72,599
DA:76,102
DA:79,102
DA:82,102
DA:85,102
DA:86,102
DA:87,102
DA:90,102
DA:93,102
DA:96,102
DA:99,102
DA:102,102
DA:105,102
DA:108,102
DA:109,102
DA:110,102
DA:111,102
DA:114,102
DA:117,102
DA:120,102
DA:123,102
DA:126,102
DA:127,102
DA:128,102
DA:131,102
DA:134,102
DA:137,102
DA:140,102
DA:141,102
DA:142,102
DA:145,102
DA:148,102
DA:151,102
DA:152,102
DA:155,102
DA:158,102
DA:161,102
DA:164,102
DA:166,102
DA:169,102
DA:172,102
DA:175,102
DA:178,102
DA:181,102
DA:184,102
DA:187,102
DA:190,102
DA:192,102
DA:194,102
DA:196,102
DA:197,102
DA:198,102
DA:199,102
DA:203,102
DA:204,102
DA:205,0
DA:206,0
DA:208,0
DA:212,102
DA:213,102
DA:214,102
DA:217,102
DA:220,102
DA:221,102
DA:224,102
DA:227,102
DA:229,0
DA:233,0
DA:234,0
DA:240,0
DA:244,102
DA:245,0
DA:246,0
DA:248,0
DA:249,0
DA:250,0
DA:254,102
LF:120
LH:94
BRDA:10,0,0,0
BRDA:10,0,1,102
BRDA:11,1,0,102
BRDA:11,1,1,0
BRDA:11,1,2,0
BRDA:22,2,0,0
BRDA:22,2,1,102
BRDA:43,3,0,899
BRDA:43,3,1,292
BRDA:44,4,0,300
BRDA:44,4,1,599
BRDA:51,5,0,599
BRDA:51,5,1,599
BRDA:51,5,2,0
BRDA:52,6,0,599
BRDA:52,6,1,599
BRDA:52,6,2,599
BRDA:53,7,0,0
BRDA:53,7,1,599
BRDA:53,8,0,599
BRDA:53,8,1,599
BRDA:54,9,0,0
BRDA:54,9,1,599
BRDA:54,10,0,599
BRDA:54,10,1,599
BRDA:54,10,2,599
BRDA:54,10,3,599
BRDA:56,11,0,599
BRDA:56,11,1,0
BRDA:56,12,0,599
BRDA:56,12,1,599
BRDA:58,13,0,0
BRDA:58,13,1,0
BRDA:58,14,0,0
BRDA:58,14,1,0
BRDA:61,15,0,0
BRDA:61,15,1,0
BRDA:61,16,0,0
BRDA:61,16,1,0
BRDA:205,17,0,0
BRDA:205,17,1,0
BRDA:229,18,0,0
BRDA:229,18,1,0
BRDA:229,18,2,0
BRDA:233,19,0,0
BRDA:233,19,1,0
BRDA:245,20,0,0
BRDA:245,20,1,0
BRDA:245,20,2,0
BRDA:246,21,0,0
BRDA:246,21,1,0
BRDA:248,22,0,0
BRDA:248,22,1,0
BRDA:248,23,0,0
BRDA:248,23,1,0
BRDA:248,24,0,0
BRDA:248,24,1,0
BRF:57
BRH:23
end_of_record
TN:
SF:diagnostic.js
FNF:0
FNH:0
DA:2,0
DA:3,0
DA:5,0
DA:6,0
DA:9,0
DA:10,0
DA:11,0
DA:12,0
DA:15,0
DA:16,0
DA:17,0
DA:18,0
DA:21,0
DA:22,0
DA:23,0
DA:24,0
DA:27,0
DA:28,0
DA:29,0
DA:30,0
DA:31,0
DA:33,0
DA:34,0
DA:35,0
DA:39,0
DA:40,0
DA:41,0
DA:42,0
DA:44,0
LF:29
LH:0
BRF:0
BRH:0
end_of_record
TN:
SF:fix-index.js
FN:3,fixIndex
FNF:1
FNH:0
FNDA:0,fixIndex
DA:1,0
DA:4,0
DA:5,0
DA:7,0
DA:8,0
DA:9,0
DA:11,0
DA:12,0
DA:15,0
DA:16,0
DA:17,0
DA:20,0
DA:21,0
DA:22,0
DA:24,0
DA:28,0
DA:36,0
DA:39,0
DA:40,0
DA:41,0
DA:44,0
DA:46,0
DA:47,0
DA:51,0
LF:24
LH:0
BRF:0
BRH:0
end_of_record
TN:
SF:fix-supabase-lesson-notes.js
FN:19,buildNotesFromTitle
FN:69,main
FN:84,(anonymous_2)
FN:113,(anonymous_3)
FNF:4
FNH:0
FNDA:0,buildNotesFromTitle
FNDA:0,main
FNDA:0,(anonymous_2)
FNDA:0,(anonymous_3)
DA:6,0
DA:7,0
DA:9,0
DA:10,0
DA:12,0
DA:13,0
DA:14,0
DA:17,0
DA:20,0
DA:22,0
DA:23,0
DA:45,0
DA:46,0
DA:63,0
DA:70,0
DA:73,0
DA:79,0
DA:80,0
DA:81,0
DA:84,0
DA:86,0
DA:87,0
DA:88,0
DA:91,0
DA:93,0
DA:94,0
DA:96,0
DA:101,0
DA:102,0
DA:103,0
DA:106,0
DA:109,0
DA:110,0
DA:113,0
DA:114,0
DA:115,0
LF:36
LH:0
BRDA:9,0,0,0
BRDA:9,0,1,0
BRDA:12,1,0,0
BRDA:12,1,1,0
BRDA:12,2,0,0
BRDA:12,2,1,0
BRDA:20,3,0,0
BRDA:20,3,1,0
BRDA:22,4,0,0
BRDA:22,4,1,0
BRDA:22,5,0,0
BRDA:22,5,1,0
BRDA:45,6,0,0
BRDA:45,6,1,0
BRDA:79,7,0,0
BRDA:79,7,1,0
BRDA:84,8,0,0
BRDA:84,8,1,0
BRDA:84,9,0,0
BRDA:84,9,1,0
BRDA:86,10,0,0
BRDA:86,10,1,0
BRDA:101,11,0,0
BRDA:101,11,1,0
BRDA:106,12,0,0
BRDA:106,12,1,0
BRF:26
BRH:0
end_of_record
TN:
SF:get-token.js
FN:3,getToken
FNF:1
FNH:0
FNDA:0,getToken
DA:1,0
DA:4,0
DA:6,0
DA:11,0
DA:12,0
DA:15,0
DA:16,0
DA:17,0
DA:20,0
DA:21,0
DA:23,0
DA:24,0
DA:29,0
DA:30,0
DA:31,0
DA:32,0
DA:35,0
DA:40,0
LF:18
LH:0
BRDA:20,0,0,0
BRDA:20,0,1,0
BRDA:35,1,0,0
BRDA:35,1,1,0
BRF:4
BRH:0
end_of_record
TN:
SF:jest.config.old.js
FNF:0
FNH:0
DA:1,0
LF:1
LH:0
BRF:0
BRH:0
end_of_record
TN:
SF:server.js
FN:91,(anonymous_0)
FN:108,(anonymous_1)
FN:115,(anonymous_2)
FN:133,(anonymous_3)
FN:160,(anonymous_4)
FN:180,getCommit
FN:184,jwtSecretFingerprint
FN:197,debugEnabled
FN:208,(anonymous_8)
FN:220,(anonymous_9)
FN:336,(anonymous_10)
FN:347,(anonymous_11)
FN:366,(anonymous_12)
FN:367,(anonymous_13)
FN:373,(anonymous_14)
FN:393,(anonymous_15)
FN:406,tryListen
FN:407,(anonymous_17)
FN:417,(anonymous_18)
FNF:19
FNH:0
FNDA:0,(anonymous_0)
FNDA:0,(anonymous_1)
FNDA:0,(anonymous_2)
FNDA:0,(anonymous_3)
FNDA:0,(anonymous_4)
FNDA:0,getCommit
FNDA:0,jwtSecretFingerprint
FNDA:0,debugEnabled
FNDA:0,(anonymous_8)
FNDA:0,(anonymous_9)
FNDA:0,(anonymous_10)
FNDA:0,(anonymous_11)
FNDA:0,(anonymous_12)
FNDA:0,(anonymous_13)
FNDA:0,(anonymous_14)
FNDA:0,(anonymous_15)
FNDA:0,tryListen
FNDA:0,(anonymous_17)
FNDA:0,(anonymous_18)
DA:2,0
DA:3,0
DA:4,0
DA:5,0
DA:6,0
DA:7,0
DA:10,0
DA:13,0
DA:14,0
DA:15,0
DA:16,0
DA:17,0
DA:19,0
DA:20,0
DA:21,0
DA:24,0
DA:27,0
DA:28,0
DA:29,0
DA:30,0
DA:31,0
DA:32,0
DA:33,0
DA:34,0
DA:35,0
DA:36,0
DA:37,0
DA:38,0
DA:39,0
DA:40,0
DA:41,0
DA:42,0
DA:43,0
DA:46,0
DA:49,0
DA:52,0
DA:55,0
DA:58,0
DA:61,0
DA:63,0
DA:64,0
DA:65,0
DA:66,0
DA:73,0
DA:74,0
DA:77,0
DA:83,0
DA:90,0
DA:92,0
DA:93,0
DA:95,0
DA:96,0
DA:101,0
DA:102,0
DA:105,0
DA:108,0
DA:109,0
DA:110,0
DA:114,0
DA:115,0
DA:116,0
DA:117,0
DA:126,0
DA:127,0
DA:128,0
DA:130,0
DA:134,0
DA:135,0
DA:140,0
DA:144,0
DA:145,0
DA:146,0
DA:147,0
DA:149,0
DA:153,0
DA:154,0
DA:155,0
DA:157,0
DA:161,0
DA:162,0
DA:167,0
DA:171,0
DA:172,0
DA:173,0
DA:181,0
DA:186,0
DA:187,0
DA:188,0
DA:190,0
DA:191,0
DA:198,0
DA:208,0
DA:209,0
DA:220,0
DA:221,0
DA:222,0
DA:225,0
DA:226,0
DA:239,0
DA:241,0
DA:246,0
DA:247,0
DA:248,0
DA:249,0
DA:250,0
DA:251,0
DA:252,0
DA:253,0
DA:254,0
DA:255,0
DA:256,0
DA:257,0
DA:258,0
DA:259,0
DA:260,0
DA:262,0
DA:263,0
DA:264,0
DA:265,0
DA:266,0
DA:267,0
DA:270,0
DA:273,0
DA:275,0
DA:276,0
DA:277,0
DA:278,0
DA:279,0
DA:280,0
DA:283,0
DA:284,0
DA:285,0
DA:287,0
DA:288,0
DA:291,0
DA:293,0
DA:296,0
DA:299,0
DA:302,0
DA:305,0
DA:311,0
DA:312,0
DA:313,0
DA:316,0
DA:336,0
DA:337,0
DA:338,0
DA:339,0
DA:340,0
DA:341,0
DA:342,0
DA:343,0
DA:344,0
DA:346,0
DA:348,0
DA:349,0
DA:351,0
DA:352,0
DA:353,0
DA:354,0
DA:355,0
DA:359,0
DA:366,0
DA:367,0
DA:373,0
DA:374,0
DA:381,0
DA:384,0
DA:385,0
DA:386,0
DA:389,0
DA:390,0
DA:393,0
DA:394,0
DA:395,0
DA:396,0
DA:398,0
DA:407,0
DA:408,0
DA:409,0
DA:410,0
DA:411,0
DA:412,0
DA:413,0
DA:414,0
DA:415,0
DA:417,0
DA:418,0
DA:419,0
DA:420,0
DA:422,0
DA:427,0
LF:192
LH:0
BRDA:15,0,0,0
BRDA:15,0,1,0
BRDA:17,1,0,0
BRDA:17,1,1,0
BRDA:74,2,0,0
BRDA:74,2,1,0
BRDA:92,3,0,0
BRDA:92,3,1,0
BRDA:92,4,0,0
BRDA:92,4,1,0
BRDA:114,5,0,0
BRDA:114,5,1,0
BRDA:127,6,0,0
BRDA:127,6,1,0
BRDA:145,7,0,0
BRDA:145,7,1,0
BRDA:154,8,0,0
BRDA:154,8,1,0
BRDA:172,9,0,0
BRDA:172,9,1,0
BRDA:181,10,0,0
BRDA:181,10,1,0
BRDA:181,10,2,0
BRDA:187,11,0,0
BRDA:187,11,1,0
BRDA:188,12,0,0
BRDA:188,12,1,0
BRDA:199,13,0,0
BRDA:199,13,1,0
BRDA:221,14,0,0
BRDA:221,14,1,0
BRDA:337,15,0,0
BRDA:337,15,1,0
BRDA:338,16,0,0
BRDA:338,16,1,0
BRDA:348,17,0,0
BRDA:348,17,1,0
BRDA:385,18,0,0
BRDA:385,18,1,0
BRDA:389,19,0,0
BRDA:389,19,1,0
BRDA:395,20,0,0
BRDA:395,20,1,0
BRDA:418,21,0,0
BRDA:418,21,1,0
BRDA:418,22,0,0
BRDA:418,22,1,0
BRF:47
BRH:0
end_of_record
TN:
SF:server.paths-backup-2025-12-29.js
FN:44,(anonymous_0)
FN:75,(anonymous_1)
FN:88,(anonymous_2)
FN:151,(anonymous_3)
FN:163,(anonymous_4)
FN:263,(anonymous_5)
FN:286,(anonymous_6)
FN:295,(anonymous_7)
FNF:8
FNH:0
FNDA:0,(anonymous_0)
FNDA:0,(anonymous_1)
FNDA:0,(anonymous_2)
FNDA:0,(anonymous_3)
FNDA:0,(anonymous_4)
FNDA:0,(anonymous_5)
FNDA:0,(anonymous_6)
FNDA:0,(anonymous_7)
DA:2,0
DA:3,0
DA:4,0
DA:7,0
DA:9,0
DA:10,0
DA:11,0
DA:14,0
DA:15,0
DA:16,0
DA:19,0
DA:20,0
DA:21,0
DA:22,0
DA:23,0
DA:24,0
DA:25,0
DA:26,0
DA:27,0
DA:28,0
DA:29,0
DA:30,0
DA:31,0
DA:32,0
DA:34,0
DA:35,0
DA:38,0
DA:40,0
DA:41,0
DA:44,0
DA:45,0
DA:46,0
DA:54,0
DA:55,0
DA:56,0
DA:57,0
DA:59,0
DA:63,0
DA:64,0
DA:65,0
DA:66,0
DA:68,0
DA:75,0
DA:76,0
DA:77,0
DA:88,0
DA:89,0
DA:90,0
DA:91,0
DA:92,0
DA:93,0
DA:96,0
DA:103,0
DA:104,0
DA:124,0
DA:127,0
DA:128,0
DA:129,0
DA:130,0
DA:131,0
DA:132,0
DA:133,0
DA:134,0
DA:135,0
DA:138,0
DA:139,0
DA:140,0
DA:148,0
DA:151,0
DA:158,0
DA:163,0
DA:167,0
DA:186,0
DA:187,0
DA:188,0
DA:189,0
DA:192,0
DA:194,0
DA:195,0
DA:196,0
DA:199,0
DA:200,0
DA:201,0
DA:202,0
DA:203,0
DA:204,0
DA:205,0
DA:206,0
DA:213,0
DA:219,0
DA:223,0
DA:230,0
DA:231,0
DA:232,0
DA:234,0
DA:246,0
DA:247,0
DA:248,0
DA:249,0
DA:250,0
DA:251,0
DA:252,0
DA:253,0
DA:254,0
DA:255,0
DA:256,0
DA:257,0
DA:258,0
DA:259,0
DA:260,0
DA:263,0
DA:264,0
DA:274,0
DA:275,0
DA:277,0
DA:278,0
DA:279,0
DA:281,0
DA:282,0
DA:286,0
DA:287,0
DA:288,0
DA:289,0
DA:291,0
DA:295,0
DA:296,0
DA:297,0
DA:298,0
DA:299,0
DA:302,0
DA:303,0
DA:304,0
LF:132
LH:0
BRDA:35,0,0,0
BRDA:35,0,1,0
BRDA:55,1,0,0
BRDA:55,1,1,0
BRDA:64,2,0,0
BRDA:64,2,1,0
BRDA:91,3,0,0
BRDA:91,3,1,0
BRDA:103,4,0,0
BRDA:103,4,1,0
BRDA:124,5,0,0
BRDA:124,5,1,0
BRDA:128,6,0,0
BRDA:128,6,1,0
BRDA:129,7,0,0
BRDA:129,7,1,0
BRDA:130,8,0,0
BRDA:130,8,1,0
BRDA:131,9,0,0
BRDA:131,9,1,0
BRDA:132,10,0,0
BRDA:132,10,1,0
BRDA:133,11,0,0
BRDA:133,11,1,0
BRDA:134,12,0,0
BRDA:134,12,1,0
BRDA:134,13,0,0
BRDA:134,13,1,0
BRDA:138,14,0,0
BRDA:138,14,1,0
BRDA:148,15,0,0
BRDA:148,15,1,0
BRDA:153,16,0,0
BRDA:153,16,1,0
BRDA:158,17,0,0
BRDA:158,17,1,0
BRDA:160,18,0,0
BRDA:160,18,1,0
BRDA:173,19,0,0
BRDA:173,19,1,0
BRDA:173,20,0,0
BRDA:173,20,1,0
BRDA:173,21,0,0
BRDA:173,21,1,0
BRDA:180,22,0,0
BRDA:180,22,1,0
BRDA:186,23,0,0
BRDA:186,23,1,0
BRDA:187,24,0,0
BRDA:187,24,1,0
BRDA:188,25,0,0
BRDA:188,25,1,0
BRDA:188,26,0,0
BRDA:188,26,1,0
BRDA:202,27,0,0
BRDA:202,27,1,0
BRDA:203,28,0,0
BRDA:203,28,1,0
BRDA:277,29,0,0
BRDA:277,29,1,0
BRDA:288,30,0,0
BRDA:288,30,1,0
BRF:62
BRH:0
end_of_record
TN:
SF:supabaseClient.js
FNF:0
FNH:0
DA:2,0
DA:3,0
DA:4,0
DA:7,0
DA:8,0
DA:10,0
DA:14,0
DA:16,0
DA:17,0
DA:23,0
DA:27,0
LF:11
LH:0
BRDA:14,0,0,0
BRDA:14,0,1,0
BRDA:16,1,0,0
BRDA:16,1,1,0
BRDA:16,2,0,0
BRDA:16,2,1,0
BRDA:23,3,0,0
BRDA:23,3,1,0
BRDA:23,4,0,0
BRDA:23,4,1,0
BRF:10
BRH:0
end_of_record
TN:
SF:templates.routes.js
FNF:0
FNH:0
DA:1,0
DA:2,0
DA:4,0
LF:3
LH:0
BRF:0
BRH:0
end_of_record
TN:
SF:test-assessmentItems.js
FN:17,(anonymous_0)
FN:21,(anonymous_1)
FN:38,(anonymous_2)
FNF:3
FNH:0
FNDA:0,(anonymous_0)
FNDA:0,(anonymous_1)
FNDA:0,(anonymous_2)
DA:2,0
DA:3,0
DA:5,0
DA:6,0
DA:9,0
DA:10,0
DA:11,0
DA:13,0
DA:14,0
DA:15,0
DA:16,0
DA:17,0
DA:20,0
DA:21,0
DA:22,0
DA:26,0
DA:27,0
DA:28,0
DA:29,0
DA:31,0
DA:32,0
DA:35,0
DA:36,0
DA:37,0
DA:38,0
LF:25
LH:0
BRDA:13,0,0,0
BRDA:13,0,1,0
BRDA:21,1,0,0
BRDA:21,1,1,0
BRDA:22,2,0,0
BRDA:22,2,1,0
BRDA:35,3,0,0
BRDA:35,3,1,0
BRF:8
BRH:0
end_of_record
TN:
SF:ai\index.js
FNF:0
FNH:0
LF:0
LH:0
BRF:0
BRH:0
end_of_record
TN:
SF:config\database.js
FN:6,(anonymous_0)
FNF:1
FNH:0
FNDA:0,(anonymous_0)
DA:1,0
DA:2,0
DA:4,0
DA:6,0
DA:7,0
DA:8,0
DA:9,0
DA:10,0
DA:13,0
DA:14,0
DA:15,0
DA:18,0
DA:19,0
DA:22,0
DA:23,0
DA:24,0
DA:26,0
DA:29,0
DA:30,0
DA:34,0
LF:20
LH:0
BRDA:8,0,0,0
BRDA:8,0,1,0
BRF:2
BRH:0
end_of_record
TN:
SF:config\externalSearch.js
FN:20,isExternalSearchEnabled
FN:24,getExternalAllowedDomains
FN:28,(anonymous_2)
FN:33,getExternalMaxResults
FN:38,getExternalMaxSnippetChars
FN:44,isExamContextQuery
FN:54,(anonymous_6)
FN:58,getDomainsForQuery
FNF:8
FNH:0
FNDA:0,isExternalSearchEnabled
FNDA:0,getExternalAllowedDomains
FNDA:0,(anonymous_2)
FNDA:0,getExternalMaxResults
FNDA:0,getExternalMaxSnippetChars
FNDA:0,isExamContextQuery
FNDA:0,(anonymous_6)
FNDA:0,getDomainsForQuery
DA:7,102
DA:18,102
DA:21,0
DA:25,0
DA:26,0
DA:28,0
DA:30,0
DA:34,0
DA:35,0
DA:39,0
DA:40,0
DA:45,0
DA:46,0
DA:47,0
DA:54,0
DA:59,0
DA:60,0
DA:61,0
DA:62,0
DA:63,0
DA:65,0
DA:68,102
LF:22
LH:3
BRDA:25,0,0,0
BRDA:25,0,1,0
BRDA:30,1,0,0
BRDA:30,1,1,0
BRDA:34,2,0,0
BRDA:34,2,1,0
BRDA:35,3,0,0
BRDA:35,3,1,0
BRDA:39,4,0,0
BRDA:39,4,1,0
BRDA:40,5,0,0
BRDA:40,5,1,0
BRDA:45,6,0,0
BRDA:45,6,1,0
BRDA:45,7,0,0
BRDA:45,7,1,0
BRDA:59,8,0,0
BRDA:59,8,1,0
BRDA:59,9,0,0
BRDA:59,9,1,0
BRDA:60,10,0,0
BRDA:60,10,1,0
BRDA:63,11,0,0
BRDA:63,11,1,0
BRF:24
BRH:0
end_of_record
TN:
SF:config\featureFlags.js
FN:6,normalizeSpecKey
FN:16,getEnabledSpecs
FN:21,(anonymous_2)
FN:31,isAiTutorEnabledForSpec
FNF:4
FNH:0
FNDA:0,normalizeSpecKey
FNDA:0,getEnabledSpecs
FNDA:0,(anonymous_2)
FNDA:0,isAiTutorEnabledForSpec
DA:7,0
DA:8,0
DA:14,103
DA:17,0
DA:18,0
DA:19,0
DA:21,0
DA:23,0
DA:32,0
DA:33,0
DA:34,0
DA:35,0
DA:38,103
LF:13
LH:2
BRDA:7,0,0,0
BRDA:7,0,1,0
BRDA:7,1,0,0
BRDA:7,1,1,0
BRDA:17,2,0,0
BRDA:17,2,1,0
BRDA:18,3,0,0
BRDA:18,3,1,0
BRDA:33,4,0,0
BRDA:33,4,1,0
BRF:10
BRH:0
end_of_record
TN:
SF:config\limits.js
FNF:0
FNH:0
DA:7,102
DA:10,102
DA:13,102
DA:14,102
DA:17,102
DA:18,102
DA:19,102
DA:20,102
DA:21,102
DA:23,102
LF:10
LH:10
BRDA:7,0,0,102
BRDA:7,0,1,102
BRDA:10,1,0,102
BRDA:10,1,1,102
BRDA:13,2,0,102
BRDA:13,2,1,102
BRDA:14,3,0,102
BRDA:14,3,1,102
BRDA:17,4,0,102
BRDA:17,4,1,102
BRDA:18,5,0,102
BRDA:18,5,1,102
BRDA:19,6,0,102
BRDA:19,6,1,102
BRDA:20,7,0,102
BRDA:20,7,1,102
BRDA:21,8,0,102
BRDA:21,8,1,102
BRF:18
BRH:18
end_of_record
TN:
SF:config\pricing.js
FNF:0
FNH:0
DA:7,0
DA:21,0
LF:2
LH:0
BRDA:11,0,0,0
BRDA:11,0,1,0
BRDA:15,1,0,0
BRDA:15,1,1,0
BRF:4
BRH:0
end_of_record
TN:
SF:config\vectorDb.js
FN:7,getVectorDbUrl
FNF:1
FNH:0
FNDA:0,getVectorDbUrl
DA:8,0
DA:9,0
DA:10,0
DA:12,0
DA:16,103
DA:18,103
LF:6
LH:2
BRDA:8,0,0,0
BRDA:8,0,1,0
BRDA:9,1,0,0
BRDA:9,1,1,0
BRDA:9,2,0,0
BRDA:9,2,1,0
BRDA:9,2,2,0
BRF:7
BRH:0
end_of_record
TN:
SF:contracts\aiGenerationJobContract.js
FNF:0
FNH:0
DA:4,0
DA:7,0
DA:14,0
DA:23,0
DA:59,0
LF:5
LH:0
BRF:0
BRH:0
end_of_record
TN:
SF:contracts\aiGenerationJobErrors.js
FNF:0
FNH:0
DA:3,0
DA:14,0
DA:29,0
LF:3
LH:0
BRF:0
BRH:0
end_of_record
TN:
SF:contracts\aiGenerationJobPolicy.js
FNF:0
FNH:0
DA:4,0
DA:18,0
DA:26,0
DA:35,0
DA:37,0
DA:45,0
LF:6
LH:0
BRF:0
BRH:0
end_of_record
TN:
SF:contracts\aiGenerationJobTypeSpecs.js
FNF:0
FNH:0
DA:1,0
DA:4,0
DA:46,0
LF:3
LH:0
BRF:0
BRH:0
end_of_record
TN:
SF:contracts\index.js
FNF:0
FNH:0
DA:8,0
DA:9,0
DA:10,0
DA:11,0
DA:13,0
LF:5
LH:0
BRF:0
BRH:0
end_of_record
TN:
SF:contracts\opsAutopilot.v1.js
FN:49,isPermittedAction
FN:53,getCooldownSeconds
FNF:2
FNH:2
FNDA:2,isPermittedAction
FNDA:1,getCooldownSeconds
DA:5,3
DA:12,3
DA:15,3
DA:25,3
DA:28,3
DA:38,3
DA:41,3
DA:44,3
DA:47,3
DA:50,2
DA:54,1
DA:57,3
LF:12
LH:12
BRDA:54,0,0,1
BRDA:54,0,1,0
BRF:2
BRH:1
end_of_record
TN:
SF:contracts\opsNotifications.v1.js
FN:14,isSlackEnabled
FN:18,isEmailEnabled
FN:22,getSlackWebhookUrl
FN:26,getSlackWebhookUrlCritical
FN:30,getEmailTo
FN:34,getEmailFrom
FN:38,getMaxNotificationsPerHour
FN:41,getDedupeWindowMinutes
FN:47,getMessageTemplate
FNF:9
FNH:6
FNDA:12,isSlackEnabled
FNDA:0,isEmailEnabled
FNDA:11,getSlackWebhookUrl
FNDA:6,getSlackWebhookUrlCritical
FNDA:0,getEmailTo
FNDA:0,getEmailFrom
FNDA:7,getMaxNotificationsPerHour
FNDA:5,getDedupeWindowMinutes
FNDA:2,getMessageTemplate
DA:4,3
DA:6,3
DA:15,12
DA:19,0
DA:23,11
DA:27,6
DA:31,0
DA:35,0
DA:39,7
DA:42,5
DA:44,3
DA:45,3
DA:48,2
DA:55,2
DA:58,3
LF:15
LH:12
BRDA:15,0,0,12
BRDA:15,0,1,4
BRDA:19,1,0,0
BRDA:19,1,1,0
BRDA:23,2,0,11
BRDA:23,2,1,0
BRDA:27,3,0,6
BRDA:27,3,1,2
BRDA:31,4,0,0
BRDA:31,4,1,0
BRDA:35,5,0,0
BRDA:35,5,1,0
BRDA:39,6,0,7
BRDA:39,6,1,0
BRDA:39,7,0,7
BRDA:39,7,1,6
BRDA:42,8,0,5
BRDA:42,8,1,0
BRDA:42,9,0,5
BRDA:42,9,1,5
BRDA:55,10,0,2
BRDA:55,10,1,0
BRF:22
BRH:12
end_of_record
TN:
SF:contracts\subscriptionV2.js
FN:23,normalizeSubscriptionV2
FN:53,isEntitledSubscriptionV2
FNF:2
FNH:2
FNDA:21,normalizeSubscriptionV2
FNDA:76,isEntitledSubscriptionV2
DA:5,104
DA:7,104
DA:24,21
DA:26,16
DA:28,16
DA:29,16
DA:30,16
DA:31,16
DA:33,16
DA:54,76
DA:55,56
DA:57,48
DA:58,45
DA:59,45
DA:62,45
DA:65,104
LF:16
LH:16
BRDA:24,0,0,5
BRDA:24,0,1,16
BRDA:24,1,0,21
BRDA:24,1,1,18
BRDA:26,2,0,16
BRDA:26,2,1,0
BRDA:28,3,0,16
BRDA:28,3,1,16
BRDA:28,3,2,16
BRDA:28,4,0,0
BRDA:28,4,1,16
BRDA:28,5,0,16
BRDA:28,5,1,0
BRDA:29,6,0,16
BRDA:29,6,1,0
BRDA:30,7,0,7
BRDA:30,7,1,9
BRDA:31,8,0,0
BRDA:31,8,1,16
BRDA:34,9,0,16
BRDA:34,9,1,0
BRDA:36,10,0,16
BRDA:36,10,1,16
BRDA:38,11,0,5
BRDA:38,11,1,11
BRDA:38,12,0,16
BRDA:38,12,1,7
BRDA:40,13,0,0
BRDA:40,13,1,16
BRDA:40,14,0,16
BRDA:40,14,1,0
BRDA:53,15,0,74
BRDA:54,16,0,20
BRDA:54,16,1,56
BRDA:54,17,0,76
BRDA:54,17,1,57
BRDA:55,18,0,8
BRDA:55,18,1,48
BRDA:57,19,0,45
BRDA:57,19,1,3
BRDA:59,20,0,3
BRDA:59,20,1,42
BRDA:59,21,0,45
BRDA:59,21,1,45
BRF:44
BRH:36
end_of_record
TN:
SF:controllers\authController.js
FN:11,getJwtSecret
FN:25,shouldDebugJwt
FN:29,secretFingerprint
FN:35,(anonymous_3)
FN:64,(anonymous_4)
FN:181,(anonymous_5)
FN:253,(anonymous_6)
FN:280,(anonymous_7)
FNF:8
FNH:0
FNDA:0,getJwtSecret
FNDA:0,shouldDebugJwt
FNDA:0,secretFingerprint
FNDA:0,(anonymous_3)
FNDA:0,(anonymous_4)
FNDA:0,(anonymous_5)
FNDA:0,(anonymous_6)
FNDA:0,(anonymous_7)
DA:1,0
DA:2,0
DA:3,0
DA:4,0
DA:12,0
DA:13,0
DA:16,0
DA:17,0
DA:22,0
DA:26,0
DA:30,0
DA:31,0
DA:35,0
DA:36,0
DA:45,0
DA:47,0
DA:50,0
DA:51,0
DA:52,0
DA:59,0
DA:62,0
DA:63,0
DA:64,0
DA:65,0
DA:66,0
DA:70,0
DA:73,0
DA:74,0
DA:75,0
DA:76,0
DA:77,0
DA:82,0
DA:83,0
DA:98,0
DA:99,0
DA:100,0
DA:101,0
DA:102,0
DA:103,0
DA:104,0
DA:108,0
DA:109,0
DA:112,0
DA:113,0
DA:114,0
DA:121,0
DA:132,0
DA:146,0
DA:153,0
DA:156,0
DA:157,0
DA:158,0
DA:163,0
DA:164,0
DA:171,0
DA:181,0
DA:182,0
DA:183,0
DA:186,0
DA:187,0
DA:188,0
DA:195,0
DA:196,0
DA:197,0
DA:204,0
DA:205,0
DA:206,0
DA:211,0
DA:222,0
DA:235,0
DA:242,0
DA:243,0
DA:253,0
DA:254,0
DA:255,0
DA:257,0
DA:258,0
DA:264,0
DA:269,0
DA:270,0
DA:280,0
DA:281,0
LF:82
LH:0
BRDA:13,0,0,0
BRDA:13,0,1,0
BRDA:16,1,0,0
BRDA:16,1,1,0
BRDA:16,2,0,0
BRDA:16,2,1,0
BRDA:26,3,0,0
BRDA:26,3,1,0
BRDA:51,4,0,0
BRDA:51,4,1,0
BRDA:63,5,0,0
BRDA:63,5,1,0
BRDA:77,6,0,0
BRDA:77,6,1,0
BRDA:90,7,0,0
BRDA:90,7,1,0
BRDA:91,8,0,0
BRDA:91,8,1,0
BRDA:92,9,0,0
BRDA:92,9,1,0
BRDA:98,10,0,0
BRDA:98,10,1,0
BRDA:100,11,0,0
BRDA:100,11,1,0
BRDA:113,12,0,0
BRDA:113,12,1,0
BRDA:156,13,0,0
BRDA:156,13,1,0
BRDA:157,14,0,0
BRDA:157,14,1,0
BRDA:157,15,0,0
BRDA:157,15,1,0
BRDA:163,16,0,0
BRDA:163,16,1,0
BRDA:163,17,0,0
BRDA:163,17,1,0
BRDA:175,18,0,0
BRDA:175,18,1,0
BRDA:187,19,0,0
BRDA:187,19,1,0
BRDA:196,20,0,0
BRDA:196,20,1,0
BRDA:205,21,0,0
BRDA:205,21,1,0
BRDA:247,22,0,0
BRDA:247,22,1,0
BRDA:257,23,0,0
BRDA:257,23,1,0
BRDA:274,24,0,0
BRDA:274,24,1,0
BRF:50
BRH:0
end_of_record
TN:
SF:controllers\contentGeneration.controller.js
FN:21,requireTeacherOrAdmin
FN:34,parseSpecToMeta
FN:46,topicDisplayName
FN:48,(anonymous_3)
FN:60,mapLlmBlockToLessonBlock
FN:77,(anonymous_5)
FN:77,(anonymous_6)
FN:89,(anonymous_7)
FN:111,collapseLlmPagesToSinglePage
FN:124,(anonymous_9)
FN:137,(anonymous_10)
FN:145,(anonymous_11)
FN:150,(anonymous_12)
FN:172,mapLlmPagesToLessonPages
FN:179,postStarterPack
FN:225,(anonymous_15)
FN:229,(anonymous_16)
FN:305,(anonymous_17)
FN:405,postWeakEvidenceFix
FN:464,(anonymous_19)
FN:545,(anonymous_20)
FN:573,(anonymous_21)
FN:644,(anonymous_22)
FN:645,(anonymous_23)
FN:646,(anonymous_24)
FN:677,postPracticeSet
FN:723,(anonymous_26)
FN:784,(anonymous_27)
FN:811,(anonymous_28)
FN:909,getJobs
FNF:30
FNH:7
FNDA:0,requireTeacherOrAdmin
FNDA:0,parseSpecToMeta
FNDA:0,topicDisplayName
FNDA:0,(anonymous_3)
FNDA:10,mapLlmBlockToLessonBlock
FNDA:0,(anonymous_5)
FNDA:0,(anonymous_6)
FNDA:4,(anonymous_7)
FNDA:5,collapseLlmPagesToSinglePage
FNDA:5,(anonymous_9)
FNDA:4,(anonymous_10)
FNDA:1,(anonymous_11)
FNDA:11,(anonymous_12)
FNDA:0,mapLlmPagesToLessonPages
FNDA:0,postStarterPack
FNDA:0,(anonymous_15)
FNDA:0,(anonymous_16)
FNDA:0,(anonymous_17)
FNDA:0,postWeakEvidenceFix
FNDA:0,(anonymous_19)
FNDA:0,(anonymous_20)
FNDA:0,(anonymous_21)
FNDA:0,(anonymous_22)
FNDA:0,(anonymous_23)
FNDA:0,(anonymous_24)
FNDA:0,postPracticeSet
FNDA:0,(anonymous_26)
FNDA:0,(anonymous_27)
FNDA:0,(anonymous_28)
FNDA:0,getJobs
DA:4,103
DA:5,103
DA:6,103
DA:7,103
DA:8,103
DA:9,103
DA:10,103
DA:11,103
DA:12,103
DA:13,103
DA:14,103
DA:15,103
DA:16,103
DA:17,103
DA:18,103
DA:19,103
DA:22,0
DA:23,0
DA:24,0
DA:26,0
DA:27,0
DA:28,0
DA:29,0
DA:31,0
DA:35,0
DA:36,0
DA:37,0
DA:43,0
DA:47,0
DA:48,0
DA:52,103
DA:61,10
DA:62,10
DA:63,10
DA:64,6
DA:65,6
DA:66,6
DA:67,6
DA:68,19
DA:69,5
DA:70,5
DA:73,6
DA:75,4
DA:76,0
DA:77,0
DA:78,0
DA:80,4
DA:81,0
DA:82,0
DA:83,0
DA:84,0
DA:86,4
DA:87,1
DA:88,1
DA:89,4
DA:90,1
DA:91,1
DA:92,1
DA:100,3
DA:101,3
DA:102,3
DA:103,2
DA:104,0
DA:112,5
DA:113,1
DA:122,4
DA:123,4
DA:124,5
DA:126,4
DA:127,9
DA:128,9
DA:129,9
DA:131,9
DA:132,10
DA:133,10
DA:136,9
DA:137,4
DA:138,1
DA:139,1
DA:140,1
DA:145,1
DA:150,11
DA:151,4
DA:152,4
DA:153,2
DA:162,4
DA:173,0
DA:180,0
DA:182,0
DA:183,0
DA:184,0
DA:186,0
DA:187,0
DA:190,0
DA:196,0
DA:197,0
DA:199,0
DA:212,0
DA:214,0
DA:215,0
DA:224,0
DA:225,0
DA:229,0
DA:236,0
DA:237,0
DA:238,0
DA:239,0
DA:240,0
DA:242,0
DA:243,0
DA:259,0
DA:260,0
DA:263,0
DA:264,0
DA:265,0
DA:273,0
DA:274,0
DA:275,0
DA:278,0
DA:279,0
DA:280,0
DA:281,0
DA:282,0
DA:283,0
DA:284,0
DA:297,0
DA:298,0
DA:300,0
DA:302,0
DA:303,0
DA:304,0
DA:305,0
DA:306,0
DA:307,0
DA:308,0
DA:315,0
DA:316,0
DA:328,0
DA:329,0
DA:331,0
DA:333,0
DA:334,0
DA:335,0
DA:336,0
DA:337,0
DA:338,0
DA:339,0
DA:346,0
DA:361,0
DA:362,0
DA:364,0
DA:366,0
DA:367,0
DA:368,0
DA:370,0
DA:372,0
DA:373,0
DA:389,0
DA:390,0
DA:391,0
DA:392,0
DA:393,0
DA:406,0
DA:408,0
DA:409,0
DA:410,0
DA:412,0
DA:413,0
DA:416,0
DA:422,0
DA:423,0
DA:424,0
DA:426,0
DA:442,0
DA:444,0
DA:449,0
DA:459,0
DA:464,0
DA:471,0
DA:472,0
DA:473,0
DA:474,0
DA:475,0
DA:476,0
DA:478,0
DA:494,0
DA:495,0
DA:498,0
DA:499,0
DA:500,0
DA:508,0
DA:509,0
DA:510,0
DA:513,0
DA:514,0
DA:515,0
DA:516,0
DA:517,0
DA:518,0
DA:519,0
DA:532,0
DA:533,0
DA:535,0
DA:537,0
DA:538,0
DA:539,0
DA:540,0
DA:542,0
DA:543,0
DA:544,0
DA:545,0
DA:547,0
DA:554,0
DA:555,0
DA:570,0
DA:571,0
DA:573,0
DA:574,0
DA:575,0
DA:582,0
DA:583,0
DA:596,0
DA:597,0
DA:600,0
DA:602,0
DA:603,0
DA:604,0
DA:605,0
DA:606,0
DA:607,0
DA:608,0
DA:615,0
DA:630,0
DA:631,0
DA:633,0
DA:635,0
DA:636,0
DA:637,0
DA:639,0
DA:640,0
DA:644,0
DA:645,0
DA:646,0
DA:661,0
DA:662,0
DA:663,0
DA:664,0
DA:665,0
DA:678,0
DA:680,0
DA:681,0
DA:682,0
DA:684,0
DA:685,0
DA:688,0
DA:694,0
DA:695,0
DA:697,0
DA:708,0
DA:710,0
DA:711,0
DA:720,0
DA:723,0
DA:730,0
DA:731,0
DA:732,0
DA:735,0
DA:736,0
DA:737,0
DA:738,0
DA:739,0
DA:740,0
DA:748,0
DA:749,0
DA:750,0
DA:753,0
DA:754,0
DA:755,0
DA:756,0
DA:757,0
DA:758,0
DA:759,0
DA:772,0
DA:773,0
DA:775,0
DA:777,0
DA:778,0
DA:779,0
DA:780,0
DA:782,0
DA:783,0
DA:784,0
DA:785,0
DA:792,0
DA:793,0
DA:808,0
DA:809,0
DA:811,0
DA:812,0
DA:813,0
DA:820,0
DA:821,0
DA:834,0
DA:835,0
DA:838,0
DA:840,0
DA:841,0
DA:842,0
DA:843,0
DA:844,0
DA:845,0
DA:846,0
DA:853,0
DA:868,0
DA:869,0
DA:871,0
DA:873,0
DA:874,0
DA:875,0
DA:876,0
DA:878,0
DA:879,0
DA:894,0
DA:895,0
DA:896,0
DA:897,0
DA:898,0
DA:910,0
DA:912,0
DA:913,0
DA:914,0
DA:915,0
DA:916,0
DA:919,0
DA:920,0
DA:922,0
DA:927,0
DA:930,103
LF:338
LH:65
BRDA:22,0,0,0
BRDA:22,0,1,0
BRDA:26,1,0,0
BRDA:26,1,1,0
BRDA:26,1,2,0
BRDA:27,2,0,0
BRDA:27,2,1,0
BRDA:27,3,0,0
BRDA:27,3,1,0
BRDA:35,4,0,0
BRDA:35,4,1,0
BRDA:36,5,0,0
BRDA:36,5,1,0
BRDA:38,6,0,0
BRDA:38,6,1,0
BRDA:39,7,0,0
BRDA:39,7,1,0
BRDA:40,8,0,0
BRDA:40,8,1,0
BRDA:40,9,0,0
BRDA:40,9,1,0
BRDA:47,10,0,0
BRDA:47,10,1,0
BRDA:48,11,0,0
BRDA:48,11,1,0
BRDA:48,12,0,0
BRDA:48,12,1,0
BRDA:60,13,0,0
BRDA:61,14,0,0
BRDA:61,14,1,10
BRDA:61,15,0,10
BRDA:61,15,1,10
BRDA:62,16,0,10
BRDA:62,16,1,0
BRDA:63,17,0,6
BRDA:63,17,1,4
BRDA:64,18,0,6
BRDA:64,18,1,0
BRDA:65,19,0,0
BRDA:65,19,1,6
BRDA:68,20,0,5
BRDA:68,20,1,14
BRDA:75,21,0,0
BRDA:75,21,1,4
BRDA:76,22,0,0
BRDA:76,22,1,0
BRDA:77,23,0,0
BRDA:77,23,1,0
BRDA:78,24,0,0
BRDA:78,24,1,0
BRDA:80,25,0,0
BRDA:80,25,1,4
BRDA:81,26,0,0
BRDA:81,26,1,0
BRDA:82,27,0,0
BRDA:82,27,1,0
BRDA:86,28,0,1
BRDA:86,28,1,3
BRDA:87,29,0,1
BRDA:87,29,1,0
BRDA:87,29,2,0
BRDA:88,30,0,0
BRDA:88,30,1,1
BRDA:89,31,0,1
BRDA:89,31,1,0
BRDA:89,32,0,4
BRDA:89,32,1,0
BRDA:90,33,0,1
BRDA:90,33,1,0
BRDA:91,34,0,1
BRDA:91,34,1,0
BRDA:91,34,2,0
BRDA:96,35,0,0
BRDA:96,35,1,1
BRDA:96,36,0,1
BRDA:96,36,1,1
BRDA:97,37,0,1
BRDA:97,37,1,0
BRDA:97,37,2,0
BRDA:100,38,0,0
BRDA:100,38,1,3
BRDA:100,39,0,3
BRDA:100,39,1,3
BRDA:100,40,0,0
BRDA:100,40,1,0
BRDA:100,41,0,0
BRDA:100,41,1,0
BRDA:101,42,0,0
BRDA:101,42,1,3
BRDA:101,43,0,3
BRDA:101,43,1,3
BRDA:101,44,0,0
BRDA:101,44,1,0
BRDA:101,45,0,0
BRDA:101,45,1,0
BRDA:102,46,0,1
BRDA:102,46,1,2
BRDA:102,47,0,3
BRDA:102,47,1,2
BRDA:102,48,0,1
BRDA:102,48,1,0
BRDA:102,49,0,1
BRDA:102,49,1,0
BRDA:103,50,0,2
BRDA:103,50,1,0
BRDA:103,51,0,2
BRDA:103,51,1,0
BRDA:103,52,0,2
BRDA:103,52,1,0
BRDA:104,53,0,0
BRDA:104,53,1,0
BRDA:112,54,0,1
BRDA:112,54,1,4
BRDA:112,55,0,5
BRDA:112,55,1,5
BRDA:124,56,0,5
BRDA:124,56,1,0
BRDA:124,57,0,5
BRDA:124,57,1,0
BRDA:127,58,0,9
BRDA:127,58,1,0
BRDA:128,59,0,9
BRDA:128,59,1,0
BRDA:129,60,0,9
BRDA:129,60,1,8
BRDA:133,61,0,10
BRDA:133,61,1,0
BRDA:136,62,0,1
BRDA:136,62,1,8
BRDA:136,63,0,9
BRDA:136,63,1,1
BRDA:136,63,2,1
BRDA:136,64,0,1
BRDA:136,64,1,0
BRDA:137,65,0,1
BRDA:137,65,1,0
BRDA:137,66,0,4
BRDA:137,66,1,0
BRDA:139,67,0,1
BRDA:139,67,1,0
BRDA:142,68,0,1
BRDA:142,68,1,0
BRDA:145,69,0,1
BRDA:145,69,1,0
BRDA:151,70,0,4
BRDA:151,70,1,0
BRDA:152,71,0,2
BRDA:152,71,1,2
BRDA:180,72,0,0
BRDA:180,72,1,0
BRDA:182,73,0,0
BRDA:182,73,1,0
BRDA:184,74,0,0
BRDA:184,74,1,0
BRDA:186,75,0,0
BRDA:186,75,1,0
BRDA:186,76,0,0
BRDA:186,76,1,0
BRDA:192,77,0,0
BRDA:192,77,1,0
BRDA:196,78,0,0
BRDA:196,78,1,0
BRDA:196,78,2,0
BRDA:197,79,0,0
BRDA:197,79,1,0
BRDA:197,79,2,0
BRDA:204,80,0,0
BRDA:204,80,1,0
BRDA:205,81,0,0
BRDA:205,81,1,0
BRDA:218,82,0,0
BRDA:218,82,1,0
BRDA:219,83,0,0
BRDA:219,83,1,0
BRDA:225,84,0,0
BRDA:225,84,1,0
BRDA:227,85,0,0
BRDA:227,85,1,0
BRDA:229,86,0,0
BRDA:229,86,1,0
BRDA:232,87,0,0
BRDA:232,87,1,0
BRDA:238,88,0,0
BRDA:238,88,1,0
BRDA:239,89,0,0
BRDA:239,89,1,0
BRDA:242,90,0,0
BRDA:242,90,1,0
BRDA:244,91,0,0
BRDA:244,91,1,0
BRDA:245,92,0,0
BRDA:245,92,1,0
BRDA:246,93,0,0
BRDA:246,93,1,0
BRDA:246,94,0,0
BRDA:246,94,1,0
BRDA:248,95,0,0
BRDA:248,95,1,0
BRDA:248,95,2,0
BRDA:248,96,0,0
BRDA:248,96,1,0
BRDA:248,97,0,0
BRDA:248,97,1,0
BRDA:263,98,0,0
BRDA:263,98,1,0
BRDA:264,99,0,0
BRDA:264,99,1,0
BRDA:269,100,0,0
BRDA:269,100,1,0
BRDA:270,101,0,0
BRDA:270,101,1,0
BRDA:271,102,0,0
BRDA:271,102,1,0
BRDA:273,103,0,0
BRDA:273,103,1,0
BRDA:274,104,0,0
BRDA:274,104,1,0
BRDA:280,105,0,0
BRDA:280,105,1,0
BRDA:281,106,0,0
BRDA:281,106,1,0
BRDA:282,107,0,0
BRDA:282,107,1,0
BRDA:282,108,0,0
BRDA:282,108,1,0
BRDA:304,109,0,0
BRDA:304,109,1,0
BRDA:305,110,0,0
BRDA:305,110,1,0
BRDA:306,111,0,0
BRDA:306,111,1,0
BRDA:307,112,0,0
BRDA:307,112,1,0
BRDA:313,113,0,0
BRDA:313,113,1,0
BRDA:322,114,0,0
BRDA:322,114,1,0
BRDA:324,115,0,0
BRDA:324,115,1,0
BRDA:335,116,0,0
BRDA:335,116,1,0
BRDA:336,117,0,0
BRDA:336,117,1,0
BRDA:337,118,0,0
BRDA:337,118,1,0
BRDA:338,119,0,0
BRDA:338,119,1,0
BRDA:356,120,0,0
BRDA:356,120,1,0
BRDA:367,121,0,0
BRDA:367,121,1,0
BRDA:390,122,0,0
BRDA:390,122,1,0
BRDA:406,123,0,0
BRDA:406,123,1,0
BRDA:408,124,0,0
BRDA:408,124,1,0
BRDA:410,125,0,0
BRDA:410,125,1,0
BRDA:412,126,0,0
BRDA:412,126,1,0
BRDA:412,127,0,0
BRDA:412,127,1,0
BRDA:418,128,0,0
BRDA:418,128,1,0
BRDA:422,129,0,0
BRDA:422,129,1,0
BRDA:422,129,2,0
BRDA:423,130,0,0
BRDA:423,130,1,0
BRDA:423,130,2,0
BRDA:424,131,0,0
BRDA:424,131,1,0
BRDA:435,132,0,0
BRDA:435,132,1,0
BRDA:436,133,0,0
BRDA:436,133,1,0
BRDA:452,134,0,0
BRDA:452,134,1,0
BRDA:453,135,0,0
BRDA:453,135,1,0
BRDA:460,136,0,0
BRDA:460,136,1,0
BRDA:461,137,0,0
BRDA:461,137,1,0
BRDA:464,138,0,0
BRDA:464,138,1,0
BRDA:467,139,0,0
BRDA:467,139,1,0
BRDA:474,140,0,0
BRDA:474,140,1,0
BRDA:475,141,0,0
BRDA:475,141,1,0
BRDA:479,142,0,0
BRDA:479,142,1,0
BRDA:480,143,0,0
BRDA:480,143,1,0
BRDA:481,144,0,0
BRDA:481,144,1,0
BRDA:481,145,0,0
BRDA:481,145,1,0
BRDA:483,146,0,0
BRDA:483,146,1,0
BRDA:483,146,2,0
BRDA:483,147,0,0
BRDA:483,147,1,0
BRDA:483,148,0,0
BRDA:483,148,1,0
BRDA:498,149,0,0
BRDA:498,149,1,0
BRDA:499,150,0,0
BRDA:499,150,1,0
BRDA:504,151,0,0
BRDA:504,151,1,0
BRDA:505,152,0,0
BRDA:505,152,1,0
BRDA:506,153,0,0
BRDA:506,153,1,0
BRDA:509,154,0,0
BRDA:509,154,1,0
BRDA:515,155,0,0
BRDA:515,155,1,0
BRDA:516,156,0,0
BRDA:516,156,1,0
BRDA:517,157,0,0
BRDA:517,157,1,0
BRDA:517,158,0,0
BRDA:517,158,1,0
BRDA:539,159,0,0
BRDA:539,159,1,0
BRDA:540,160,0,0
BRDA:540,160,1,0
BRDA:542,161,0,0
BRDA:542,161,1,0
BRDA:543,162,0,0
BRDA:543,162,1,0
BRDA:544,163,0,0
BRDA:544,163,1,0
BRDA:552,164,0,0
BRDA:552,164,1,0
BRDA:563,165,0,0
BRDA:563,165,1,0
BRDA:565,166,0,0
BRDA:565,166,1,0
BRDA:573,167,0,0
BRDA:573,167,1,0
BRDA:574,168,0,0
BRDA:574,168,1,0
BRDA:580,169,0,0
BRDA:580,169,1,0
BRDA:589,170,0,0
BRDA:589,170,1,0
BRDA:591,171,0,0
BRDA:591,171,1,0
BRDA:604,172,0,0
BRDA:604,172,1,0
BRDA:605,173,0,0
BRDA:605,173,1,0
BRDA:606,174,0,0
BRDA:606,174,1,0
BRDA:607,175,0,0
BRDA:607,175,1,0
BRDA:625,176,0,0
BRDA:625,176,1,0
BRDA:636,177,0,0
BRDA:636,177,1,0
BRDA:643,178,0,0
BRDA:643,178,1,0
BRDA:648,179,0,0
BRDA:648,179,1,0
BRDA:649,180,0,0
BRDA:649,180,1,0
BRDA:662,181,0,0
BRDA:662,181,1,0
BRDA:678,182,0,0
BRDA:678,182,1,0
BRDA:680,183,0,0
BRDA:680,183,1,0
BRDA:682,184,0,0
BRDA:682,184,1,0
BRDA:684,185,0,0
BRDA:684,185,1,0
BRDA:684,186,0,0
BRDA:684,186,1,0
BRDA:694,187,0,0
BRDA:694,187,1,0
BRDA:694,187,2,0
BRDA:695,188,0,0
BRDA:695,188,1,0
BRDA:695,188,2,0
BRDA:705,189,0,0
BRDA:705,189,1,0
BRDA:714,190,0,0
BRDA:714,190,1,0
BRDA:723,191,0,0
BRDA:723,191,1,0
BRDA:726,192,0,0
BRDA:726,192,1,0
BRDA:735,193,0,0
BRDA:735,193,1,0
BRDA:736,194,0,0
BRDA:736,194,1,0
BRDA:737,195,0,0
BRDA:737,195,1,0
BRDA:738,196,0,0
BRDA:738,196,1,0
BRDA:739,197,0,0
BRDA:739,197,1,0
BRDA:739,197,2,0
BRDA:749,198,0,0
BRDA:749,198,1,0
BRDA:755,199,0,0
BRDA:755,199,1,0
BRDA:756,200,0,0
BRDA:756,200,1,0
BRDA:757,201,0,0
BRDA:757,201,1,0
BRDA:757,202,0,0
BRDA:757,202,1,0
BRDA:779,203,0,0
BRDA:779,203,1,0
BRDA:780,204,0,0
BRDA:780,204,1,0
BRDA:782,205,0,0
BRDA:782,205,1,0
BRDA:783,206,0,0
BRDA:783,206,1,0
BRDA:784,207,0,0
BRDA:784,207,1,0
BRDA:790,208,0,0
BRDA:790,208,1,0
BRDA:801,209,0,0
BRDA:801,209,1,0
BRDA:803,210,0,0
BRDA:803,210,1,0
BRDA:811,211,0,0
BRDA:811,211,1,0
BRDA:812,212,0,0
BRDA:812,212,1,0
BRDA:818,213,0,0
BRDA:818,213,1,0
BRDA:827,214,0,0
BRDA:827,214,1,0
BRDA:829,215,0,0
BRDA:829,215,1,0
BRDA:842,216,0,0
BRDA:842,216,1,0
BRDA:843,217,0,0
BRDA:843,217,1,0
BRDA:844,218,0,0
BRDA:844,218,1,0
BRDA:845,219,0,0
BRDA:845,219,1,0
BRDA:863,220,0,0
BRDA:863,220,1,0
BRDA:874,221,0,0
BRDA:874,221,1,0
BRDA:875,222,0,0
BRDA:875,222,1,0
BRDA:881,223,0,0
BRDA:881,223,1,0
BRDA:895,224,0,0
BRDA:895,224,1,0
BRDA:910,225,0,0
BRDA:910,225,1,0
BRDA:912,226,0,0
BRDA:912,226,1,0
BRDA:914,227,0,0
BRDA:914,227,1,0
BRDA:915,228,0,0
BRDA:915,228,1,0
BRDA:916,229,0,0
BRDA:916,229,1,0
BRDA:919,230,0,0
BRDA:919,230,1,0
BRDA:919,231,0,0
BRDA:919,231,1,0
BRDA:919,231,2,0
BRDA:920,232,0,0
BRDA:920,232,1,0
BRDA:924,233,0,0
BRDA:924,233,1,0
BRF:482
BRH:64
end_of_record
TN:
SF:controllers\conversations.controller.js
FN:8,getUserId
FN:12,isAdmin
FN:22,createConversation
FN:58,getConversation
FN:98,(anonymous_4)
FN:127,listConversations
FN:154,(anonymous_6)
FNF:7
FNH:0
FNDA:0,getUserId
FNDA:0,isAdmin
FNDA:0,createConversation
FNDA:0,getConversation
FNDA:0,(anonymous_4)
FNDA:0,listConversations
FNDA:0,(anonymous_6)
DA:4,102
DA:5,102
DA:6,102
DA:9,0
DA:13,0
DA:14,0
DA:23,0
DA:24,0
DA:25,0
DA:26,0
DA:29,0
DA:30,0
DA:31,0
DA:32,0
DA:35,0
DA:36,0
DA:38,0
DA:46,0
DA:48,0
DA:49,0
DA:59,0
DA:60,0
DA:61,0
DA:62,0
DA:65,0
DA:66,0
DA:67,0
DA:70,0
DA:71,0
DA:72,0
DA:73,0
DA:74,0
DA:77,0
DA:78,0
DA:80,0
DA:81,0
DA:82,0
DA:83,0
DA:84,0
DA:88,0
DA:94,0
DA:95,0
DA:96,0
DA:98,0
DA:105,0
DA:118,0
DA:119,0
DA:128,0
DA:129,0
DA:130,0
DA:131,0
DA:134,0
DA:135,0
DA:136,0
DA:138,0
DA:139,0
DA:140,0
DA:141,0
DA:143,0
DA:144,0
DA:153,0
DA:154,0
DA:166,0
DA:167,0
DA:171,102
LF:65
LH:4
BRDA:9,0,0,0
BRDA:9,0,1,0
BRDA:9,0,2,0
BRDA:13,1,0,0
BRDA:13,1,1,0
BRDA:13,1,2,0
BRDA:14,2,0,0
BRDA:14,2,1,0
BRDA:25,3,0,0
BRDA:25,3,1,0
BRDA:29,4,0,0
BRDA:29,4,1,0
BRDA:30,5,0,0
BRDA:30,5,1,0
BRDA:31,6,0,0
BRDA:31,6,1,0
BRDA:35,7,0,0
BRDA:35,7,1,0
BRDA:35,7,2,0
BRDA:36,8,0,0
BRDA:36,8,1,0
BRDA:42,9,0,0
BRDA:42,9,1,0
BRDA:42,10,0,0
BRDA:42,10,1,0
BRDA:43,11,0,0
BRDA:43,11,1,0
BRDA:49,12,0,0
BRDA:49,12,1,0
BRDA:61,13,0,0
BRDA:61,13,1,0
BRDA:61,14,0,0
BRDA:61,14,1,0
BRDA:66,15,0,0
BRDA:66,15,1,0
BRDA:71,16,0,0
BRDA:71,16,1,0
BRDA:72,17,0,0
BRDA:72,17,1,0
BRDA:73,18,0,0
BRDA:73,18,1,0
BRDA:73,19,0,0
BRDA:73,19,1,0
BRDA:77,20,0,0
BRDA:77,21,0,0
BRDA:77,21,1,0
BRDA:78,22,0,0
BRDA:78,22,1,0
BRDA:81,23,0,0
BRDA:81,23,1,0
BRDA:83,24,0,0
BRDA:83,24,1,0
BRDA:95,25,0,0
BRDA:95,25,1,0
BRDA:96,26,0,0
BRDA:96,26,1,0
BRDA:102,27,0,0
BRDA:102,27,1,0
BRDA:109,28,0,0
BRDA:109,28,1,0
BRDA:114,29,0,0
BRDA:114,29,1,0
BRDA:119,30,0,0
BRDA:119,30,1,0
BRDA:130,31,0,0
BRDA:130,31,1,0
BRDA:134,32,0,0
BRDA:134,33,0,0
BRDA:134,33,1,0
BRDA:135,34,0,0
BRDA:135,34,1,0
BRDA:136,35,0,0
BRDA:136,35,1,0
BRDA:138,36,0,0
BRDA:138,36,1,0
BRDA:139,37,0,0
BRDA:139,37,1,0
BRDA:139,38,0,0
BRDA:139,38,1,0
BRDA:140,39,0,0
BRDA:140,39,1,0
BRDA:140,40,0,0
BRDA:140,40,1,0
BRDA:141,41,0,0
BRDA:141,41,1,0
BRDA:141,42,0,0
BRDA:141,42,1,0
BRDA:156,43,0,0
BRDA:156,43,1,0
BRDA:156,44,0,0
BRDA:156,44,1,0
BRDA:157,45,0,0
BRDA:157,45,1,0
BRDA:160,46,0,0
BRDA:160,46,1,0
BRDA:167,47,0,0
BRDA:167,47,1,0
BRF:97
BRH:0
end_of_record
TN:
SF:controllers\coverage.controller.js
FN:11,getCoverage
FN:29,getSnapshots
FN:77,getTopics
FN:114,(anonymous_3)
FNF:4
FNH:0
FNDA:0,getCoverage
FNDA:0,getSnapshots
FNDA:0,getTopics
FNDA:0,(anonymous_3)
DA:4,102
DA:5,102
DA:6,102
DA:12,0
DA:13,0
DA:14,0
DA:15,0
DA:17,0
DA:18,0
DA:19,0
DA:21,0
DA:22,0
DA:30,0
DA:31,0
DA:32,0
DA:33,0
DA:35,0
DA:36,0
DA:38,0
DA:39,0
DA:42,0
DA:43,0
DA:49,0
DA:55,0
DA:63,0
DA:67,0
DA:69,0
DA:70,0
DA:78,0
DA:79,0
DA:80,0
DA:81,0
DA:82,0
DA:84,0
DA:85,0
DA:86,0
DA:88,0
DA:92,0
DA:93,0
DA:101,0
DA:102,0
DA:104,0
DA:106,0
DA:107,0
DA:108,0
DA:111,0
DA:114,0
DA:125,0
DA:126,0
DA:130,102
LF:50
LH:4
BRDA:13,0,0,0
BRDA:13,0,1,0
BRDA:14,1,0,0
BRDA:14,1,1,0
BRDA:17,2,0,0
BRDA:17,2,1,0
BRDA:22,3,0,0
BRDA:22,3,1,0
BRDA:31,4,0,0
BRDA:31,4,1,0
BRDA:32,5,0,0
BRDA:32,5,1,0
BRDA:35,6,0,0
BRDA:35,6,1,0
BRDA:38,7,0,0
BRDA:38,7,1,0
BRDA:42,8,0,0
BRDA:42,8,1,0
BRDA:70,9,0,0
BRDA:70,9,1,0
BRDA:79,10,0,0
BRDA:79,10,1,0
BRDA:80,11,0,0
BRDA:80,11,1,0
BRDA:81,12,0,0
BRDA:81,12,1,0
BRDA:86,13,0,0
BRDA:86,13,1,0
BRDA:86,14,0,0
BRDA:86,14,1,0
BRDA:92,15,0,0
BRDA:92,15,1,0
BRDA:102,16,0,0
BRDA:102,16,1,0
BRDA:108,17,0,0
BRDA:108,17,1,0
BRDA:126,18,0,0
BRDA:126,18,1,0
BRF:38
BRH:0
end_of_record
TN:
SF:controllers\coverageDrilldown.controller.js
FN:11,getSpecVariants
FN:17,isTeacherOrAdmin
FN:26,getDrilldown
FN:57,(anonymous_3)
FN:60,(anonymous_4)
FN:61,(anonymous_5)
FN:87,(anonymous_6)
FN:89,(anonymous_7)
FN:90,(anonymous_8)
FN:96,(anonymous_9)
FN:98,(anonymous_10)
FN:112,(anonymous_11)
FN:113,(anonymous_12)
FN:139,(anonymous_13)
FN:140,(anonymous_14)
FNF:15
FNH:0
FNDA:0,getSpecVariants
FNDA:0,isTeacherOrAdmin
FNDA:0,getDrilldown
FNDA:0,(anonymous_3)
FNDA:0,(anonymous_4)
FNDA:0,(anonymous_5)
FNDA:0,(anonymous_6)
FNDA:0,(anonymous_7)
FNDA:0,(anonymous_8)
FNDA:0,(anonymous_9)
FNDA:0,(anonymous_10)
FNDA:0,(anonymous_11)
FNDA:0,(anonymous_12)
FNDA:0,(anonymous_13)
FNDA:0,(anonymous_14)
DA:4,102
DA:5,102
DA:6,102
DA:7,102
DA:8,102
DA:9,102
DA:12,0
DA:13,0
DA:14,0
DA:18,0
DA:19,0
DA:20,0
DA:27,0
DA:28,0
DA:31,0
DA:32,0
DA:33,0
DA:35,0
DA:36,0
DA:39,0
DA:40,0
DA:41,0
DA:43,0
DA:45,0
DA:50,0
DA:57,0
DA:58,0
DA:59,0
DA:60,0
DA:61,0
DA:70,0
DA:86,0
DA:87,0
DA:89,0
DA:90,0
DA:92,0
DA:96,0
DA:97,0
DA:99,0
DA:100,0
DA:101,0
DA:112,0
DA:114,0
DA:115,0
DA:116,0
DA:120,0
DA:129,0
DA:130,0
DA:131,0
DA:132,0
DA:133,0
DA:137,0
DA:138,0
DA:139,0
DA:140,0
DA:143,0
DA:144,0
DA:157,0
DA:158,0
DA:162,102
LF:60
LH:7
BRDA:18,0,0,0
BRDA:18,0,1,0
BRDA:19,1,0,0
BRDA:19,1,1,0
BRDA:19,1,2,0
BRDA:20,2,0,0
BRDA:20,2,1,0
BRDA:20,2,2,0
BRDA:27,3,0,0
BRDA:27,3,1,0
BRDA:33,4,0,0
BRDA:33,4,1,0
BRDA:35,5,0,0
BRDA:35,5,1,0
BRDA:35,6,0,0
BRDA:35,6,1,0
BRDA:60,7,0,0
BRDA:60,7,1,0
BRDA:65,8,0,0
BRDA:65,8,1,0
BRDA:66,9,0,0
BRDA:66,9,1,0
BRDA:89,10,0,0
BRDA:89,10,1,0
BRDA:99,11,0,0
BRDA:99,11,1,0
BRDA:100,12,0,0
BRDA:100,12,1,0
BRDA:103,13,0,0
BRDA:103,13,1,0
BRDA:105,14,0,0
BRDA:105,14,1,0
BRDA:114,15,0,0
BRDA:114,15,1,0
BRDA:115,16,0,0
BRDA:115,16,1,0
BRDA:131,17,0,0
BRDA:131,17,1,0
BRDA:132,18,0,0
BRDA:132,18,1,0
BRDA:133,19,0,0
BRDA:133,19,1,0
BRDA:158,20,0,0
BRDA:158,20,1,0
BRF:44
BRH:0
end_of_record
TN:
SF:controllers\externalSources.controller.js
FN:14,sha256
FN:18,getUserId
FN:22,isTeacherOrAdmin
FN:30,listPolicies
FN:56,upsertPolicyHandler
FN:83,deletePolicy
FN:106,listRecent
FN:155,promoteToTeacherNote
FN:183,(anonymous_8)
FN:256,(anonymous_9)
FNF:10
FNH:0
FNDA:0,sha256
FNDA:0,getUserId
FNDA:0,isTeacherOrAdmin
FNDA:0,listPolicies
FNDA:0,upsertPolicyHandler
FNDA:0,deletePolicy
FNDA:0,listRecent
FNDA:0,promoteToTeacherNote
FNDA:0,(anonymous_8)
FNDA:0,(anonymous_9)
DA:5,102
DA:6,102
DA:7,102
DA:8,102
DA:9,102
DA:10,102
DA:11,102
DA:12,102
DA:15,0
DA:19,0
DA:23,0
DA:24,0
DA:31,0
DA:32,0
DA:33,0
DA:35,0
DA:36,0
DA:37,0
DA:38,0
DA:39,0
DA:40,0
DA:42,0
DA:46,0
DA:48,0
DA:49,0
DA:57,0
DA:58,0
DA:59,0
DA:61,0
DA:62,0
DA:63,0
DA:64,0
DA:66,0
DA:67,0
DA:69,0
DA:70,0
DA:72,0
DA:73,0
DA:75,0
DA:76,0
DA:84,0
DA:85,0
DA:86,0
DA:88,0
DA:89,0
DA:90,0
DA:92,0
DA:93,0
DA:94,0
DA:96,0
DA:98,0
DA:99,0
DA:107,0
DA:108,0
DA:109,0
DA:111,0
DA:112,0
DA:113,0
DA:114,0
DA:116,0
DA:122,0
DA:123,0
DA:124,0
DA:125,0
DA:126,0
DA:127,0
DA:128,0
DA:129,0
DA:130,0
DA:131,0
DA:141,0
DA:143,0
DA:145,0
DA:147,0
DA:148,0
DA:156,0
DA:157,0
DA:158,0
DA:160,0
DA:161,0
DA:162,0
DA:164,0
DA:165,0
DA:167,0
DA:168,0
DA:171,0
DA:172,0
DA:173,0
DA:174,0
DA:175,0
DA:176,0
DA:179,0
DA:180,0
DA:181,0
DA:182,0
DA:183,0
DA:185,0
DA:186,0
DA:192,0
DA:195,0
DA:197,0
DA:198,0
DA:200,0
DA:207,0
DA:208,0
DA:219,0
DA:222,0
DA:240,0
DA:251,0
DA:256,0
DA:258,0
DA:260,0
DA:261,0
DA:265,102
LF:114
LH:9
BRDA:19,0,0,0
BRDA:19,0,1,0
BRDA:19,0,2,0
BRDA:23,1,0,0
BRDA:23,1,1,0
BRDA:23,1,2,0
BRDA:24,2,0,0
BRDA:24,2,1,0
BRDA:24,2,2,0
BRDA:32,3,0,0
BRDA:32,3,1,0
BRDA:35,4,0,0
BRDA:35,4,1,0
BRDA:37,5,0,0
BRDA:37,5,1,0
BRDA:37,6,0,0
BRDA:37,6,1,0
BRDA:38,7,0,0
BRDA:38,7,1,0
BRDA:38,8,0,0
BRDA:38,8,1,0
BRDA:39,9,0,0
BRDA:39,9,1,0
BRDA:39,10,0,0
BRDA:39,10,1,0
BRDA:49,11,0,0
BRDA:49,11,1,0
BRDA:58,12,0,0
BRDA:58,12,1,0
BRDA:62,13,0,0
BRDA:62,13,1,0
BRDA:63,14,0,0
BRDA:63,14,1,0
BRDA:63,15,0,0
BRDA:63,15,1,0
BRDA:66,16,0,0
BRDA:66,16,1,0
BRDA:66,17,0,0
BRDA:66,17,1,0
BRDA:66,17,2,0
BRDA:69,18,0,0
BRDA:69,18,1,0
BRDA:69,19,0,0
BRDA:69,19,1,0
BRDA:76,20,0,0
BRDA:76,20,1,0
BRDA:85,21,0,0
BRDA:85,21,1,0
BRDA:89,22,0,0
BRDA:89,22,1,0
BRDA:89,23,0,0
BRDA:89,23,1,0
BRDA:93,24,0,0
BRDA:93,24,1,0
BRDA:99,25,0,0
BRDA:99,25,1,0
BRDA:108,26,0,0
BRDA:108,26,1,0
BRDA:111,27,0,0
BRDA:111,28,0,0
BRDA:111,28,1,0
BRDA:113,29,0,0
BRDA:113,29,1,0
BRDA:113,30,0,0
BRDA:113,30,1,0
BRDA:114,31,0,0
BRDA:114,31,1,0
BRDA:114,32,0,0
BRDA:114,32,1,0
BRDA:125,33,0,0
BRDA:125,33,1,0
BRDA:127,34,0,0
BRDA:127,34,1,0
BRDA:127,35,0,0
BRDA:127,35,1,0
BRDA:127,36,0,0
BRDA:127,36,1,0
BRDA:128,37,0,0
BRDA:128,37,1,0
BRDA:128,37,2,0
BRDA:129,38,0,0
BRDA:129,38,1,0
BRDA:129,39,0,0
BRDA:129,39,1,0
BRDA:133,40,0,0
BRDA:133,40,1,0
BRDA:137,41,0,0
BRDA:137,41,1,0
BRDA:138,42,0,0
BRDA:138,42,1,0
BRDA:141,43,0,0
BRDA:141,43,1,0
BRDA:141,44,0,0
BRDA:141,44,1,0
BRDA:143,45,0,0
BRDA:143,45,1,0
BRDA:148,46,0,0
BRDA:148,46,1,0
BRDA:157,47,0,0
BRDA:157,47,1,0
BRDA:161,48,0,0
BRDA:161,48,1,0
BRDA:161,48,2,0
BRDA:162,49,0,0
BRDA:162,49,1,0
BRDA:164,50,0,0
BRDA:164,50,1,0
BRDA:164,51,0,0
BRDA:164,51,1,0
BRDA:164,51,2,0
BRDA:167,52,0,0
BRDA:167,52,1,0
BRDA:172,53,0,0
BRDA:172,53,1,0
BRDA:173,54,0,0
BRDA:173,54,1,0
BRDA:174,55,0,0
BRDA:174,55,1,0
BRDA:175,56,0,0
BRDA:175,56,1,0
BRDA:175,57,0,0
BRDA:175,57,1,0
BRDA:179,58,0,0
BRDA:179,58,1,0
BRDA:179,58,2,0
BRDA:180,59,0,0
BRDA:180,59,1,0
BRDA:180,59,2,0
BRDA:180,60,0,0
BRDA:180,60,1,0
BRDA:181,61,0,0
BRDA:181,61,1,0
BRDA:182,62,0,0
BRDA:182,62,1,0
BRDA:183,63,0,0
BRDA:183,63,1,0
BRDA:183,63,2,0
BRDA:183,63,3,0
BRDA:183,64,0,0
BRDA:183,64,1,0
BRDA:183,65,0,0
BRDA:183,65,1,0
BRDA:185,66,0,0
BRDA:185,66,1,0
BRDA:190,67,0,0
BRDA:190,67,1,0
BRDA:192,68,0,0
BRDA:192,68,1,0
BRDA:192,69,0,0
BRDA:192,69,1,0
BRDA:195,70,0,0
BRDA:195,70,1,0
BRDA:195,71,0,0
BRDA:195,71,1,0
BRDA:195,72,0,0
BRDA:195,72,1,0
BRDA:197,73,0,0
BRDA:197,73,1,0
BRDA:207,74,0,0
BRDA:207,74,1,0
BRDA:212,75,0,0
BRDA:212,75,1,0
BRDA:213,76,0,0
BRDA:213,76,1,0
BRDA:231,77,0,0
BRDA:231,77,1,0
BRDA:232,78,0,0
BRDA:232,78,1,0
BRDA:244,79,0,0
BRDA:244,79,1,0
BRDA:245,80,0,0
BRDA:245,80,1,0
BRDA:261,81,0,0
BRDA:261,81,1,0
BRF:174
BRH:0
end_of_record
TN:
SF:controllers\lessonController.js
FN:13,(anonymous_0)
FN:47,(anonymous_1)
FNF:2
FNH:0
FNDA:0,(anonymous_0)
FNDA:0,(anonymous_1)
DA:1,0
DA:2,0
DA:3,0
DA:13,0
DA:14,0
DA:15,0
DA:17,0
DA:18,0
DA:22,0
DA:26,0
DA:27,0
DA:30,0
DA:31,0
DA:33,0
DA:37,0
DA:39,0
DA:42,0
DA:43,0
DA:47,0
DA:49,0
DA:57,0
DA:58,0
LF:22
LH:0
BRDA:17,0,0,0
BRDA:17,0,1,0
BRDA:26,1,0,0
BRDA:26,1,1,0
BRDA:30,2,0,0
BRDA:30,2,1,0
BRDA:33,3,0,0
BRDA:33,3,1,0
BRDA:33,4,0,0
BRDA:33,4,1,0
BRDA:37,5,0,0
BRDA:37,5,1,0
BRDA:37,6,0,0
BRDA:37,6,1,0
BRDA:42,7,0,0
BRDA:42,7,1,0
BRDA:42,8,0,0
BRDA:42,8,1,0
BRDA:42,8,2,0
BRDA:53,9,0,0
BRDA:53,9,1,0
BRDA:54,10,0,0
BRDA:54,10,1,0
BRF:23
BRH:0
end_of_record
TN:
SF:controllers\publishGate.controller.js
FN:12,requireTeacherOrAdmin
FN:30,getCheck
FN:56,postPublish
FN:140,(anonymous_3)
FNF:4
FNH:0
FNDA:0,requireTeacherOrAdmin
FNDA:0,getCheck
FNDA:0,postPublish
FNDA:0,(anonymous_3)
DA:4,102
DA:5,102
DA:6,102
DA:7,102
DA:8,102
DA:9,102
DA:10,102
DA:13,0
DA:14,0
DA:15,0
DA:17,0
DA:18,0
DA:19,0
DA:20,0
DA:22,0
DA:31,0
DA:33,0
DA:34,0
DA:36,0
DA:37,0
DA:40,0
DA:41,0
DA:45,0
DA:47,0
DA:48,0
DA:57,0
DA:59,0
DA:60,0
DA:62,0
DA:63,0
DA:66,0
DA:67,0
DA:70,0
DA:72,0
DA:73,0
DA:74,0
DA:75,0
DA:83,0
DA:84,0
DA:85,0
DA:89,0
DA:90,0
DA:91,0
DA:92,0
DA:95,0
DA:96,0
DA:97,0
DA:98,0
DA:100,0
DA:101,0
DA:102,0
DA:103,0
DA:104,0
DA:105,0
DA:106,0
DA:110,0
DA:111,0
DA:115,0
DA:118,0
DA:119,0
DA:123,0
DA:126,0
DA:127,0
DA:131,0
DA:134,0
DA:135,0
DA:136,0
DA:139,0
DA:140,0
DA:141,0
DA:144,0
DA:156,0
DA:157,0
DA:161,102
LF:74
LH:8
BRDA:13,0,0,0
BRDA:13,0,1,0
BRDA:17,1,0,0
BRDA:17,1,1,0
BRDA:17,1,2,0
BRDA:18,2,0,0
BRDA:18,2,1,0
BRDA:18,3,0,0
BRDA:18,3,1,0
BRDA:31,4,0,0
BRDA:31,4,1,0
BRDA:33,5,0,0
BRDA:33,5,1,0
BRDA:34,6,0,0
BRDA:34,6,1,0
BRDA:36,7,0,0
BRDA:36,7,1,0
BRDA:48,8,0,0
BRDA:48,8,1,0
BRDA:57,9,0,0
BRDA:57,9,1,0
BRDA:59,10,0,0
BRDA:59,10,1,0
BRDA:60,11,0,0
BRDA:60,11,1,0
BRDA:62,12,0,0
BRDA:62,12,1,0
BRDA:66,13,0,0
BRDA:66,13,1,0
BRDA:70,14,0,0
BRDA:70,14,1,0
BRDA:70,14,2,0
BRDA:74,15,0,0
BRDA:74,15,1,0
BRDA:74,16,0,0
BRDA:74,16,1,0
BRDA:84,17,0,0
BRDA:84,17,1,0
BRDA:89,18,0,0
BRDA:89,18,1,0
BRDA:89,19,0,0
BRDA:89,19,1,0
BRDA:89,19,2,0
BRDA:91,20,0,0
BRDA:91,20,1,0
BRDA:91,21,0,0
BRDA:91,21,1,0
BRDA:100,22,0,0
BRDA:100,22,1,0
BRDA:102,23,0,0
BRDA:102,23,1,0
BRDA:102,24,0,0
BRDA:102,24,1,0
BRDA:110,25,0,0
BRDA:110,25,1,0
BRDA:110,26,0,0
BRDA:110,26,1,0
BRDA:118,27,0,0
BRDA:118,27,1,0
BRDA:118,28,0,0
BRDA:118,28,1,0
BRDA:126,29,0,0
BRDA:126,29,1,0
BRDA:126,30,0,0
BRDA:126,30,1,0
BRDA:152,31,0,0
BRDA:152,31,1,0
BRDA:157,32,0,0
BRDA:157,32,1,0
BRF:69
BRH:0
end_of_record
TN:
SF:controllers\specStatements.controller.js
FN:10,list
FN:30,create
FN:46,(anonymous_2)
FN:59,update
FN:72,(anonymous_4)
FN:91,remove
FNF:6
FNH:0
FNDA:0,list
FNDA:0,create
FNDA:0,(anonymous_2)
FNDA:0,update
FNDA:0,(anonymous_4)
FNDA:0,remove
DA:4,102
DA:5,102
DA:11,0
DA:12,0
DA:13,0
DA:14,0
DA:15,0
DA:16,0
DA:17,0
DA:19,0
DA:20,0
DA:22,0
DA:23,0
DA:31,0
DA:32,0
DA:33,0
DA:34,0
DA:38,0
DA:46,0
DA:49,0
DA:51,0
DA:52,0
DA:60,0
DA:61,0
DA:62,0
DA:63,0
DA:65,0
DA:66,0
DA:68,0
DA:69,0
DA:70,0
DA:71,0
DA:72,0
DA:73,0
DA:74,0
DA:76,0
DA:80,0
DA:81,0
DA:83,0
DA:84,0
DA:92,0
DA:93,0
DA:94,0
DA:95,0
DA:97,0
DA:98,0
DA:99,0
DA:101,0
DA:102,0
DA:106,102
LF:50
LH:3
BRDA:14,0,0,0
BRDA:14,0,1,0
BRDA:14,1,0,0
BRDA:14,1,1,0
BRDA:15,2,0,0
BRDA:15,2,1,0
BRDA:15,3,0,0
BRDA:15,3,1,0
BRDA:16,4,0,0
BRDA:16,4,1,0
BRDA:16,5,0,0
BRDA:16,5,1,0
BRDA:17,6,0,0
BRDA:17,6,1,0
BRDA:17,7,0,0
BRDA:17,7,1,0
BRDA:33,8,0,0
BRDA:33,8,1,0
BRDA:33,9,0,0
BRDA:33,9,1,0
BRDA:33,9,2,0
BRDA:33,9,3,0
BRDA:33,9,4,0
BRDA:33,9,5,0
BRDA:45,10,0,0
BRDA:45,10,1,0
BRDA:45,11,0,0
BRDA:45,11,1,0
BRDA:46,12,0,0
BRDA:46,12,1,0
BRDA:47,13,0,0
BRDA:47,13,1,0
BRDA:47,14,0,0
BRDA:47,14,1,0
BRDA:52,15,0,0
BRDA:52,15,1,0
BRDA:62,16,0,0
BRDA:62,16,1,0
BRDA:66,17,0,0
BRDA:66,17,1,0
BRDA:70,18,0,0
BRDA:70,18,1,0
BRDA:71,19,0,0
BRDA:71,19,1,0
BRDA:72,20,0,0
BRDA:72,20,1,0
BRDA:73,21,0,0
BRDA:73,21,1,0
BRDA:74,22,0,0
BRDA:74,22,1,0
BRDA:74,23,0,0
BRDA:74,23,1,0
BRDA:76,24,0,0
BRDA:76,24,1,0
BRDA:84,25,0,0
BRDA:84,25,1,0
BRDA:94,26,0,0
BRDA:94,26,1,0
BRDA:98,27,0,0
BRDA:98,27,1,0
BRF:60
BRH:0
end_of_record
TN:
SF:controllers\sprintOrder.controller.js
FN:7,isTeacherOrAdmin
FN:13,isAdmin
FN:18,parseWeights
FN:34,getSprintOrderMarkdown
FN:80,ensureSnapshots
FNF:5
FNH:0
FNDA:0,isTeacherOrAdmin
FNDA:0,isAdmin
FNDA:0,parseWeights
FNDA:0,getSprintOrderMarkdown
FNDA:0,ensureSnapshots
DA:4,102
DA:5,102
DA:8,0
DA:9,0
DA:10,0
DA:14,0
DA:15,0
DA:19,0
DA:20,0
DA:21,0
DA:22,0
DA:23,0
DA:24,0
DA:25,0
DA:27,0
DA:35,0
DA:36,0
DA:39,0
DA:40,0
DA:41,0
DA:44,0
DA:45,0
DA:46,0
DA:47,0
DA:48,0
DA:50,0
DA:51,0
DA:61,0
DA:62,0
DA:63,0
DA:64,0
DA:66,0
DA:67,0
DA:68,0
DA:69,0
DA:71,0
DA:72,0
DA:81,0
DA:82,0
DA:85,0
DA:86,0
DA:87,0
DA:90,0
DA:91,0
DA:92,0
DA:93,0
DA:95,0
DA:96,0
DA:102,0
DA:104,0
DA:105,0
DA:106,0
DA:107,0
DA:110,0
DA:111,0
DA:113,0
DA:114,0
DA:118,102
LF:58
LH:3
BRDA:8,0,0,0
BRDA:8,0,1,0
BRDA:9,1,0,0
BRDA:9,1,1,0
BRDA:9,1,2,0
BRDA:10,2,0,0
BRDA:10,2,1,0
BRDA:10,2,2,0
BRDA:14,3,0,0
BRDA:14,3,1,0
BRDA:14,3,2,0
BRDA:15,4,0,0
BRDA:15,4,1,0
BRDA:21,5,0,0
BRDA:21,5,1,0
BRDA:24,6,0,0
BRDA:24,6,1,0
BRDA:24,7,0,0
BRDA:24,7,1,0
BRDA:25,8,0,0
BRDA:25,8,1,0
BRDA:25,9,0,0
BRDA:25,9,1,0
BRDA:35,10,0,0
BRDA:35,10,1,0
BRDA:40,11,0,0
BRDA:40,11,1,0
BRDA:44,12,0,0
BRDA:44,12,1,0
BRDA:46,13,0,0
BRDA:46,13,1,0
BRDA:47,14,0,0
BRDA:47,14,1,0
BRDA:72,15,0,0
BRDA:72,15,1,0
BRDA:81,16,0,0
BRDA:81,16,1,0
BRDA:85,17,0,0
BRDA:85,17,1,0
BRDA:86,18,0,0
BRDA:86,18,1,0
BRDA:93,19,0,0
BRDA:93,19,1,0
BRDA:95,20,0,0
BRDA:95,20,1,0
BRDA:102,21,0,0
BRDA:102,21,1,0
BRDA:106,22,0,0
BRDA:106,22,1,0
BRDA:114,23,0,0
BRDA:114,23,1,0
BRF:51
BRH:0
end_of_record
TN:
SF:controllers\studyCoach.controller.js
FN:10,isStudent
FN:15,topicKeyToTitle
FN:18,(anonymous_2)
FN:21,buildPlanActions
FN:43,getPlan
FN:77,(anonymous_5)
FN:92,(anonymous_6)
FN:141,getTopic
FNF:8
FNH:0
FNDA:0,isStudent
FNDA:0,topicKeyToTitle
FNDA:0,(anonymous_2)
FNDA:0,buildPlanActions
FNDA:0,getPlan
FNDA:0,(anonymous_5)
FNDA:0,(anonymous_6)
FNDA:0,getTopic
DA:5,102
DA:6,102
DA:7,102
DA:8,102
DA:11,0
DA:12,0
DA:16,0
DA:17,0
DA:18,0
DA:22,0
DA:23,0
DA:24,0
DA:25,0
DA:27,0
DA:28,0
DA:29,0
DA:30,0
DA:31,0
DA:33,0
DA:34,0
DA:36,0
DA:44,0
DA:45,0
DA:46,0
DA:48,0
DA:49,0
DA:50,0
DA:52,0
DA:53,0
DA:54,0
DA:57,0
DA:58,0
DA:59,0
DA:62,0
DA:67,0
DA:68,0
DA:69,0
DA:70,0
DA:71,0
DA:72,0
DA:73,0
DA:77,0
DA:78,0
DA:79,0
DA:80,0
DA:81,0
DA:82,0
DA:92,0
DA:93,0
DA:94,0
DA:95,0
DA:96,0
DA:97,0
DA:98,0
DA:99,0
DA:100,0
DA:101,0
DA:102,0
DA:105,0
DA:106,0
DA:108,0
DA:109,0
DA:110,0
DA:111,0
DA:112,0
DA:113,0
DA:126,0
DA:132,0
DA:133,0
DA:142,0
DA:143,0
DA:144,0
DA:146,0
DA:147,0
DA:148,0
DA:149,0
DA:151,0
DA:152,0
DA:153,0
DA:156,0
DA:157,0
DA:158,0
DA:161,0
DA:167,0
DA:168,0
DA:171,0
DA:172,0
DA:173,0
DA:174,0
DA:175,0
DA:180,0
DA:181,0
DA:182,0
DA:186,0
DA:188,0
DA:201,0
DA:202,0
DA:206,102
LF:98
LH:5
BRDA:11,0,0,0
BRDA:11,0,1,0
BRDA:11,0,2,0
BRDA:16,1,0,0
BRDA:16,1,1,0
BRDA:16,2,0,0
BRDA:16,2,1,0
BRDA:18,3,0,0
BRDA:18,3,1,0
BRDA:25,4,0,0
BRDA:25,4,1,0
BRDA:27,5,0,0
BRDA:27,5,1,0
BRDA:45,6,0,0
BRDA:45,6,1,0
BRDA:48,7,0,0
BRDA:48,7,1,0
BRDA:49,8,0,0
BRDA:49,8,1,0
BRDA:53,9,0,0
BRDA:53,9,1,0
BRDA:57,10,0,0
BRDA:57,10,1,0
BRDA:57,10,2,0
BRDA:58,11,0,0
BRDA:58,11,1,0
BRDA:70,12,0,0
BRDA:70,12,1,0
BRDA:78,13,0,0
BRDA:78,13,1,0
BRDA:79,14,0,0
BRDA:79,14,1,0
BRDA:80,15,0,0
BRDA:80,15,1,0
BRDA:81,16,0,0
BRDA:81,16,1,0
BRDA:93,17,0,0
BRDA:93,17,1,0
BRDA:93,18,0,0
BRDA:93,18,1,0
BRDA:94,19,0,0
BRDA:94,19,1,0
BRDA:94,20,0,0
BRDA:94,20,1,0
BRDA:95,21,0,0
BRDA:95,21,1,0
BRDA:96,22,0,0
BRDA:96,22,1,0
BRDA:97,23,0,0
BRDA:97,23,1,0
BRDA:98,24,0,0
BRDA:98,24,1,0
BRDA:99,25,0,0
BRDA:99,25,1,0
BRDA:100,26,0,0
BRDA:100,26,1,0
BRDA:101,27,0,0
BRDA:101,27,1,0
BRDA:110,28,0,0
BRDA:110,28,1,0
BRDA:111,29,0,0
BRDA:111,29,1,0
BRDA:115,30,0,0
BRDA:115,30,1,0
BRDA:116,31,0,0
BRDA:116,31,1,0
BRDA:117,32,0,0
BRDA:117,32,1,0
BRDA:118,33,0,0
BRDA:118,33,1,0
BRDA:119,34,0,0
BRDA:119,34,1,0
BRDA:121,35,0,0
BRDA:121,35,1,0
BRDA:133,36,0,0
BRDA:133,36,1,0
BRDA:143,37,0,0
BRDA:143,37,1,0
BRDA:147,38,0,0
BRDA:147,38,1,0
BRDA:148,39,0,0
BRDA:148,39,1,0
BRDA:148,40,0,0
BRDA:148,40,1,0
BRDA:152,41,0,0
BRDA:152,41,1,0
BRDA:156,42,0,0
BRDA:156,42,1,0
BRDA:156,42,2,0
BRDA:157,43,0,0
BRDA:157,43,1,0
BRDA:167,44,0,0
BRDA:167,44,1,0
BRDA:174,45,0,0
BRDA:174,45,1,0
BRDA:180,46,0,0
BRDA:180,46,1,0
BRDA:182,47,0,0
BRDA:182,47,1,0
BRDA:190,48,0,0
BRDA:190,48,1,0
BRDA:191,49,0,0
BRDA:191,49,1,0
BRDA:192,50,0,0
BRDA:192,50,1,0
BRDA:193,51,0,0
BRDA:193,51,1,0
BRDA:194,52,0,0
BRDA:194,52,1,0
BRDA:197,53,0,0
BRDA:197,53,1,0
BRDA:202,54,0,0
BRDA:202,54,1,0
BRF:113
BRH:0
end_of_record
TN:
SF:controllers\teacherNotes.controller.js
FN:6,isTeacherOrAdmin
FN:14,listTeacherNotes
FN:35,(anonymous_2)
FNF:3
FNH:0
FNDA:0,isTeacherOrAdmin
FNDA:0,listTeacherNotes
FNDA:0,(anonymous_2)
DA:4,102
DA:7,0
DA:8,0
DA:15,0
DA:16,0
DA:17,0
DA:19,0
DA:20,0
DA:21,0
DA:22,0
DA:23,0
DA:26,0
DA:27,0
DA:28,0
DA:30,0
DA:35,0
DA:43,0
DA:45,0
DA:46,0
DA:50,102
LF:20
LH:2
BRDA:7,0,0,0
BRDA:7,0,1,0
BRDA:7,0,2,0
BRDA:8,1,0,0
BRDA:8,1,1,0
BRDA:8,1,2,0
BRDA:16,2,0,0
BRDA:16,2,1,0
BRDA:19,3,0,0
BRDA:19,4,0,0
BRDA:19,4,1,0
BRDA:20,5,0,0
BRDA:20,5,1,0
BRDA:21,6,0,0
BRDA:21,6,1,0
BRDA:22,7,0,0
BRDA:22,7,1,0
BRDA:26,8,0,0
BRDA:26,8,1,0
BRDA:28,9,0,0
BRDA:28,9,1,0
BRDA:37,10,0,0
BRDA:37,10,1,0
BRDA:38,11,0,0
BRDA:38,11,1,0
BRDA:39,12,0,0
BRDA:39,12,1,0
BRDA:46,13,0,0
BRDA:46,13,1,0
BRF:29
BRH:0
end_of_record
TN:
SF:controllers\topicSummary.controller.js
FN:14,isTeacherOrAdmin
FN:19,isStudent
FN:27,postTopicSummary
FN:113,(anonymous_3)
FN:125,(anonymous_4)
FN:128,(anonymous_5)
FN:138,(anonymous_6)
FN:147,(anonymous_7)
FN:151,(anonymous_8)
FN:210,(anonymous_9)
FNF:10
FNH:0
FNDA:0,isTeacherOrAdmin
FNDA:0,isStudent
FNDA:0,postTopicSummary
FNDA:0,(anonymous_3)
FNDA:0,(anonymous_4)
FNDA:0,(anonymous_5)
FNDA:0,(anonymous_6)
FNDA:0,(anonymous_7)
FNDA:0,(anonymous_8)
FNDA:0,(anonymous_9)
DA:4,102
DA:5,102
DA:6,102
DA:7,102
DA:8,102
DA:9,102
DA:10,102
DA:11,102
DA:12,102
DA:15,0
DA:16,0
DA:20,0
DA:21,0
DA:28,0
DA:29,0
DA:31,0
DA:32,0
DA:41,0
DA:43,0
DA:44,0
DA:45,0
DA:46,0
DA:50,0
DA:51,0
DA:52,0
DA:56,0
DA:59,0
DA:60,0
DA:61,0
DA:64,0
DA:65,0
DA:66,0
DA:67,0
DA:68,0
DA:73,0
DA:74,0
DA:75,0
DA:94,0
DA:102,0
DA:111,0
DA:113,0
DA:117,0
DA:125,0
DA:126,0
DA:127,0
DA:128,0
DA:130,0
DA:131,0
DA:133,0
DA:134,0
DA:138,0
DA:146,0
DA:147,0
DA:150,0
DA:151,0
DA:163,0
DA:187,0
DA:208,0
DA:209,0
DA:210,0
DA:213,0
DA:219,0
DA:221,0
DA:222,0
DA:226,102
LF:65
LH:10
BRDA:15,0,0,0
BRDA:15,0,1,0
BRDA:15,0,2,0
BRDA:16,1,0,0
BRDA:16,1,1,0
BRDA:16,1,2,0
BRDA:20,2,0,0
BRDA:20,2,1,0
BRDA:20,2,2,0
BRDA:29,3,0,0
BRDA:29,3,1,0
BRDA:29,3,2,0
BRDA:31,4,0,0
BRDA:31,4,1,0
BRDA:31,5,0,0
BRDA:31,5,1,0
BRDA:38,6,0,0
BRDA:39,7,0,0
BRDA:40,8,0,0
BRDA:41,9,0,0
BRDA:41,9,1,0
BRDA:43,10,0,0
BRDA:43,10,1,0
BRDA:44,11,0,0
BRDA:44,11,1,0
BRDA:45,12,0,0
BRDA:45,12,1,0
BRDA:45,13,0,0
BRDA:45,13,1,0
BRDA:50,14,0,0
BRDA:50,14,1,0
BRDA:51,15,0,0
BRDA:51,15,1,0
BRDA:56,16,0,0
BRDA:56,16,1,0
BRDA:59,17,0,0
BRDA:59,17,1,0
BRDA:64,18,0,0
BRDA:64,18,1,0
BRDA:67,19,0,0
BRDA:67,19,1,0
BRDA:74,20,0,0
BRDA:74,20,1,0
BRDA:74,21,0,0
BRDA:74,21,1,0
BRDA:76,22,0,0
BRDA:76,22,1,0
BRDA:76,22,2,0
BRDA:77,23,0,0
BRDA:77,23,1,0
BRDA:77,23,2,0
BRDA:82,24,0,0
BRDA:82,24,1,0
BRDA:84,25,0,0
BRDA:84,25,1,0
BRDA:85,26,0,0
BRDA:85,26,1,0
BRDA:86,27,0,0
BRDA:86,27,1,0
BRDA:87,28,0,0
BRDA:87,28,1,0
BRDA:88,29,0,0
BRDA:88,29,1,0
BRDA:89,30,0,0
BRDA:89,30,1,0
BRDA:90,31,0,0
BRDA:90,31,1,0
BRDA:113,32,0,0
BRDA:113,32,1,0
BRDA:125,33,0,0
BRDA:125,33,1,0
BRDA:126,34,0,0
BRDA:126,34,1,0
BRDA:127,35,0,0
BRDA:127,35,1,0
BRDA:130,36,0,0
BRDA:130,36,1,0
BRDA:131,37,0,0
BRDA:131,37,1,0
BRDA:133,38,0,0
BRDA:133,38,1,0
BRDA:134,39,0,0
BRDA:134,39,1,0
BRDA:141,40,0,0
BRDA:141,40,1,0
BRDA:142,41,0,0
BRDA:142,41,1,0
BRDA:144,42,0,0
BRDA:144,42,1,0
BRDA:146,43,0,0
BRDA:146,43,1,0
BRDA:164,44,0,0
BRDA:164,44,1,0
BRDA:164,44,2,0
BRDA:173,45,0,0
BRDA:173,45,1,0
BRDA:174,46,0,0
BRDA:174,46,1,0
BRDA:175,47,0,0
BRDA:175,47,1,0
BRDA:176,48,0,0
BRDA:176,48,1,0
BRDA:177,49,0,0
BRDA:177,49,1,0
BRDA:178,50,0,0
BRDA:178,50,1,0
BRDA:182,51,0,0
BRDA:182,51,1,0
BRDA:195,52,0,0
BRDA:195,52,1,0
BRDA:198,53,0,0
BRDA:198,53,1,0
BRDA:199,54,0,0
BRDA:199,54,1,0
BRDA:200,55,0,0
BRDA:200,55,1,0
BRDA:201,56,0,0
BRDA:201,56,1,0
BRDA:208,57,0,0
BRDA:208,57,1,0
BRDA:209,58,0,0
BRDA:209,58,1,0
BRDA:209,58,2,0
BRDA:222,59,0,0
BRDA:222,59,1,0
BRF:125
BRH:0
end_of_record
TN:
SF:controllers\topicSummaryExport.controller.js
FN:9,isTeacherOrAdmin
FN:14,isStudent
FN:23,postTopicSummaryExport
FN:122,(anonymous_3)
FN:158,(anonymous_4)
FN:163,(anonymous_5)
FNF:6
FNH:0
FNDA:0,isTeacherOrAdmin
FNDA:0,isStudent
FNDA:0,postTopicSummaryExport
FNDA:0,(anonymous_3)
FNDA:0,(anonymous_4)
FNDA:0,(anonymous_5)
DA:5,102
DA:6,102
DA:7,102
DA:10,0
DA:11,0
DA:15,0
DA:16,0
DA:24,0
DA:25,0
DA:28,0
DA:29,0
DA:30,0
DA:32,0
DA:36,0
DA:53,0
DA:55,0
DA:56,0
DA:57,0
DA:58,0
DA:60,0
DA:61,0
DA:64,0
DA:65,0
DA:66,0
DA:67,0
DA:70,0
DA:71,0
DA:72,0
DA:74,0
DA:75,0
DA:76,0
DA:78,0
DA:79,0
DA:80,0
DA:82,0
DA:83,0
DA:85,0
DA:86,0
DA:87,0
DA:89,0
DA:90,0
DA:95,0
DA:96,0
DA:97,0
DA:98,0
DA:99,0
DA:101,0
DA:102,0
DA:103,0
DA:105,0
DA:106,0
DA:108,0
DA:109,0
DA:110,0
DA:112,0
DA:113,0
DA:115,0
DA:122,0
DA:129,0
DA:130,0
DA:131,0
DA:132,0
DA:133,0
DA:136,0
DA:137,0
DA:139,0
DA:140,0
DA:142,0
DA:143,0
DA:147,0
DA:148,0
DA:149,0
DA:150,0
DA:151,0
DA:153,0
DA:157,0
DA:158,0
DA:159,0
DA:160,0
DA:161,0
DA:163,0
DA:164,0
DA:165,0
DA:166,0
DA:169,0
DA:170,0
DA:171,0
DA:187,0
DA:188,0
DA:189,0
DA:190,0
DA:191,0
DA:192,0
DA:196,0
DA:197,0
DA:214,0
DA:215,0
DA:220,0
DA:221,0
DA:223,0
DA:226,0
DA:227,0
DA:228,0
DA:229,0
DA:231,0
DA:232,0
DA:233,0
DA:235,0
DA:236,0
DA:238,0
DA:242,102
LF:111
LH:4
BRDA:10,0,0,0
BRDA:10,0,1,0
BRDA:10,0,2,0
BRDA:11,1,0,0
BRDA:11,1,1,0
BRDA:11,1,2,0
BRDA:15,2,0,0
BRDA:15,2,1,0
BRDA:15,2,2,0
BRDA:28,3,0,0
BRDA:28,3,1,0
BRDA:36,4,0,0
BRDA:36,4,1,0
BRDA:55,5,0,0
BRDA:55,5,1,0
BRDA:55,5,2,0
BRDA:56,6,0,0
BRDA:56,6,1,0
BRDA:56,6,2,0
BRDA:60,7,0,0
BRDA:60,7,1,0
BRDA:60,8,0,0
BRDA:60,8,1,0
BRDA:64,9,0,0
BRDA:64,9,1,0
BRDA:65,10,0,0
BRDA:65,10,1,0
BRDA:66,11,0,0
BRDA:66,11,1,0
BRDA:71,12,0,0
BRDA:71,12,1,0
BRDA:72,13,0,0
BRDA:72,13,1,0
BRDA:75,14,0,0
BRDA:75,14,1,0
BRDA:79,15,0,0
BRDA:79,15,1,0
BRDA:82,16,0,0
BRDA:82,16,1,0
BRDA:86,17,0,0
BRDA:86,17,1,0
BRDA:86,18,0,0
BRDA:86,18,1,0
BRDA:86,18,2,0
BRDA:87,19,0,0
BRDA:87,19,1,0
BRDA:89,20,0,0
BRDA:89,20,1,0
BRDA:95,21,0,0
BRDA:95,21,1,0
BRDA:97,22,0,0
BRDA:97,22,1,0
BRDA:98,23,0,0
BRDA:98,23,1,0
BRDA:98,24,0,0
BRDA:98,24,1,0
BRDA:102,25,0,0
BRDA:102,25,1,0
BRDA:105,26,0,0
BRDA:105,26,1,0
BRDA:106,27,0,0
BRDA:106,27,1,0
BRDA:108,28,0,0
BRDA:108,28,1,0
BRDA:108,29,0,0
BRDA:108,29,1,0
BRDA:108,29,2,0
BRDA:109,30,0,0
BRDA:109,30,1,0
BRDA:112,31,0,0
BRDA:112,31,1,0
BRDA:112,32,0,0
BRDA:112,32,1,0
BRDA:116,33,0,0
BRDA:116,33,1,0
BRDA:117,34,0,0
BRDA:117,34,1,0
BRDA:118,35,0,0
BRDA:118,35,1,0
BRDA:118,36,0,0
BRDA:118,36,1,0
BRDA:119,37,0,0
BRDA:119,37,1,0
BRDA:120,38,0,0
BRDA:120,38,1,0
BRDA:122,39,0,0
BRDA:122,39,1,0
BRDA:133,40,0,0
BRDA:133,40,1,0
BRDA:136,41,0,0
BRDA:136,41,1,0
BRDA:136,42,0,0
BRDA:136,42,1,0
BRDA:139,43,0,0
BRDA:139,43,1,0
BRDA:142,44,0,0
BRDA:142,44,1,0
BRDA:142,45,0,0
BRDA:142,45,1,0
BRDA:148,46,0,0
BRDA:148,46,1,0
BRDA:150,47,0,0
BRDA:150,47,1,0
BRDA:150,48,0,0
BRDA:150,48,1,0
BRDA:151,49,0,0
BRDA:151,49,1,0
BRDA:153,50,0,0
BRDA:153,50,1,0
BRDA:157,51,0,0
BRDA:157,51,1,0
BRDA:157,52,0,0
BRDA:157,52,1,0
BRDA:158,53,0,0
BRDA:158,53,1,0
BRDA:158,54,0,0
BRDA:158,54,1,0
BRDA:159,55,0,0
BRDA:159,55,1,0
BRDA:159,56,0,0
BRDA:159,56,1,0
BRDA:160,57,0,0
BRDA:160,57,1,0
BRDA:161,58,0,0
BRDA:161,58,1,0
BRDA:163,59,0,0
BRDA:163,59,1,0
BRDA:163,60,0,0
BRDA:163,60,1,0
BRDA:164,61,0,0
BRDA:164,61,1,0
BRDA:164,62,0,0
BRDA:164,62,1,0
BRDA:169,63,0,0
BRDA:169,63,1,0
BRDA:169,63,2,0
BRDA:169,63,3,0
BRDA:169,63,4,0
BRDA:170,64,0,0
BRDA:170,64,1,0
BRDA:170,65,0,0
BRDA:170,65,1,0
BRDA:178,66,0,0
BRDA:178,66,1,0
BRDA:179,67,0,0
BRDA:179,67,1,0
BRDA:180,68,0,0
BRDA:180,68,1,0
BRDA:180,68,2,0
BRDA:181,69,0,0
BRDA:181,69,1,0
BRDA:182,70,0,0
BRDA:182,70,1,0
BRDA:184,71,0,0
BRDA:184,71,1,0
BRDA:184,72,0,0
BRDA:184,72,1,0
BRDA:184,73,0,0
BRDA:184,73,1,0
BRDA:184,73,2,0
BRDA:185,74,0,0
BRDA:185,74,1,0
BRDA:185,75,0,0
BRDA:185,75,1,0
BRDA:185,75,2,0
BRDA:185,75,3,0
BRDA:185,75,4,0
BRDA:185,75,5,0
BRDA:185,76,0,0
BRDA:185,76,1,0
BRDA:187,77,0,0
BRDA:187,77,1,0
BRDA:188,78,0,0
BRDA:188,78,1,0
BRDA:189,79,0,0
BRDA:189,79,1,0
BRDA:211,80,0,0
BRDA:211,80,1,0
BRDA:214,81,0,0
BRDA:214,81,1,0
BRDA:214,82,0,0
BRDA:214,82,1,0
BRDA:217,83,0,0
BRDA:217,83,1,0
BRDA:220,84,0,0
BRDA:220,84,1,0
BRDA:226,85,0,0
BRDA:226,85,1,0
BRDA:227,86,0,0
BRDA:227,86,1,0
BRDA:228,87,0,0
BRDA:228,87,1,0
BRDA:235,88,0,0
BRDA:235,88,1,0
BRF:194
BRH:0
end_of_record
TN:
SF:controllers\topicSummaryLogs.controller.js
FN:7,isTeacherOrAdmin
FN:12,isStudent
FN:21,getTopicSummaryLogs
FN:72,(anonymous_3)
FN:108,getTopicSummaryLogById
FN:145,(anonymous_5)
FNF:6
FNH:0
FNDA:0,isTeacherOrAdmin
FNDA:0,isStudent
FNDA:0,getTopicSummaryLogs
FNDA:0,(anonymous_3)
FNDA:0,getTopicSummaryLogById
FNDA:0,(anonymous_5)
DA:4,102
DA:5,102
DA:8,0
DA:9,0
DA:13,0
DA:14,0
DA:22,0
DA:23,0
DA:24,0
DA:27,0
DA:28,0
DA:29,0
DA:30,0
DA:33,0
DA:34,0
DA:35,0
DA:39,0
DA:40,0
DA:41,0
DA:42,0
DA:45,0
DA:46,0
DA:48,0
DA:49,0
DA:50,0
DA:51,0
DA:52,0
DA:55,0
DA:56,0
DA:57,0
DA:60,0
DA:66,0
DA:67,0
DA:70,0
DA:71,0
DA:72,0
DA:73,0
DA:74,0
DA:86,0
DA:88,0
DA:97,0
DA:98,0
DA:100,0
DA:109,0
DA:110,0
DA:111,0
DA:114,0
DA:115,0
DA:116,0
DA:117,0
DA:120,0
DA:121,0
DA:122,0
DA:125,0
DA:126,0
DA:127,0
DA:128,0
DA:131,0
DA:135,0
DA:136,0
DA:139,0
DA:140,0
DA:141,0
DA:145,0
DA:154,0
DA:156,0
DA:176,0
DA:177,0
DA:179,0
DA:183,102
LF:70
LH:3
BRDA:8,0,0,0
BRDA:8,0,1,0
BRDA:8,0,2,0
BRDA:9,1,0,0
BRDA:9,1,1,0
BRDA:9,1,2,0
BRDA:13,2,0,0
BRDA:13,2,1,0
BRDA:13,2,2,0
BRDA:23,3,0,0
BRDA:23,3,1,0
BRDA:23,4,0,0
BRDA:23,4,1,0
BRDA:27,5,0,0
BRDA:27,5,1,0
BRDA:28,6,0,0
BRDA:28,6,1,0
BRDA:29,7,0,0
BRDA:29,7,1,0
BRDA:29,8,0,0
BRDA:29,8,1,0
BRDA:33,9,0,0
BRDA:33,9,1,0
BRDA:34,10,0,0
BRDA:34,10,1,0
BRDA:39,11,0,0
BRDA:39,11,1,0
BRDA:40,12,0,0
BRDA:40,12,1,0
BRDA:41,13,0,0
BRDA:41,13,1,0
BRDA:41,14,0,0
BRDA:41,14,1,0
BRDA:45,15,0,0
BRDA:45,15,1,0
BRDA:45,15,2,0
BRDA:49,16,0,0
BRDA:49,16,1,0
BRDA:50,17,0,0
BRDA:50,17,1,0
BRDA:50,18,0,0
BRDA:50,18,1,0
BRDA:50,18,2,0
BRDA:51,19,0,0
BRDA:51,19,1,0
BRDA:66,20,0,0
BRDA:66,20,1,0
BRDA:72,21,0,0
BRDA:72,21,1,0
BRDA:73,22,0,0
BRDA:73,22,1,0
BRDA:81,23,0,0
BRDA:81,23,1,0
BRDA:86,24,0,0
BRDA:86,24,1,0
BRDA:97,25,0,0
BRDA:97,25,1,0
BRDA:110,26,0,0
BRDA:110,26,1,0
BRDA:110,27,0,0
BRDA:110,27,1,0
BRDA:116,28,0,0
BRDA:116,28,1,0
BRDA:116,29,0,0
BRDA:116,29,1,0
BRDA:121,30,0,0
BRDA:121,30,1,0
BRDA:125,31,0,0
BRDA:125,31,1,0
BRDA:125,31,2,0
BRDA:126,32,0,0
BRDA:126,32,1,0
BRDA:127,33,0,0
BRDA:127,33,1,0
BRDA:131,34,0,0
BRDA:131,34,1,0
BRDA:132,35,0,0
BRDA:132,35,1,0
BRDA:132,35,2,0
BRDA:132,36,0,0
BRDA:132,36,1,0
BRDA:135,37,0,0
BRDA:135,37,1,0
BRDA:139,38,0,0
BRDA:139,38,1,0
BRDA:140,39,0,0
BRDA:140,39,1,0
BRDA:145,40,0,0
BRDA:145,40,1,0
BRDA:154,41,0,0
BRDA:154,41,1,0
BRDA:163,42,0,0
BRDA:163,42,1,0
BRDA:164,43,0,0
BRDA:164,43,1,0
BRDA:166,44,0,0
BRDA:166,44,1,0
BRDA:167,45,0,0
BRDA:167,45,1,0
BRDA:168,46,0,0
BRDA:168,46,1,0
BRDA:169,47,0,0
BRDA:169,47,1,0
BRDA:170,48,0,0
BRDA:170,48,1,0
BRDA:176,49,0,0
BRDA:176,49,1,0
BRF:107
BRH:0
end_of_record
TN:
SF:controllers\topicSummaryToLesson.controller.js
FN:10,isTeacherOrAdmin
FN:15,formatTopicTitle
FN:18,(anonymous_2)
FN:21,deriveSubjectLevelFromSpecKey
FN:42,makePageId
FN:52,buildPagesFromSummary
FN:55,(anonymous_6)
FN:63,(anonymous_7)
FN:81,(anonymous_8)
FN:100,(anonymous_9)
FN:130,postTopicSummaryToLesson
FNF:11
FNH:0
FNDA:0,isTeacherOrAdmin
FNDA:0,formatTopicTitle
FNDA:0,(anonymous_2)
FNDA:0,deriveSubjectLevelFromSpecKey
FNDA:0,makePageId
FNDA:0,buildPagesFromSummary
FNDA:0,(anonymous_6)
FNDA:0,(anonymous_7)
FNDA:0,(anonymous_8)
FNDA:0,(anonymous_9)
FNDA:0,postTopicSummaryToLesson
DA:5,102
DA:6,102
DA:7,102
DA:8,102
DA:11,0
DA:12,0
DA:16,0
DA:17,0
DA:18,0
DA:22,0
DA:23,0
DA:24,0
DA:25,0
DA:26,0
DA:27,0
DA:28,0
DA:29,0
DA:30,0
DA:34,0
DA:35,0
DA:36,0
DA:37,0
DA:38,0
DA:39,0
DA:43,0
DA:53,0
DA:54,0
DA:55,0
DA:56,0
DA:58,0
DA:59,0
DA:60,0
DA:62,0
DA:63,0
DA:64,0
DA:66,0
DA:67,0
DA:70,0
DA:71,0
DA:72,0
DA:73,0
DA:74,0
DA:75,0
DA:76,0
DA:77,0
DA:80,0
DA:81,0
DA:82,0
DA:84,0
DA:85,0
DA:88,0
DA:89,0
DA:90,0
DA:91,0
DA:92,0
DA:93,0
DA:94,0
DA:96,0
DA:97,0
DA:99,0
DA:100,0
DA:101,0
DA:103,0
DA:104,0
DA:107,0
DA:108,0
DA:109,0
DA:117,0
DA:120,0
DA:131,0
DA:132,0
DA:133,0
DA:136,0
DA:138,0
DA:139,0
DA:142,0
DA:143,0
DA:144,0
DA:147,0
DA:148,0
DA:149,0
DA:152,0
DA:153,0
DA:154,0
DA:155,0
DA:157,0
DA:158,0
DA:161,0
DA:162,0
DA:163,0
DA:164,0
DA:165,0
DA:166,0
DA:168,0
DA:170,0
DA:171,0
DA:195,0
DA:197,0
DA:204,0
DA:205,0
DA:207,0
DA:211,102
LF:102
LH:5
BRDA:11,0,0,0
BRDA:11,0,1,0
BRDA:11,0,2,0
BRDA:12,1,0,0
BRDA:12,1,1,0
BRDA:12,1,2,0
BRDA:16,2,0,0
BRDA:16,2,1,0
BRDA:16,3,0,0
BRDA:16,3,1,0
BRDA:17,4,0,0
BRDA:17,4,1,0
BRDA:23,5,0,0
BRDA:23,5,1,0
BRDA:24,6,0,0
BRDA:24,6,1,0
BRDA:25,7,0,0
BRDA:25,7,1,0
BRDA:26,8,0,0
BRDA:26,8,1,0
BRDA:26,9,0,0
BRDA:26,9,1,0
BRDA:27,10,0,0
BRDA:27,10,1,0
BRDA:28,11,0,0
BRDA:28,11,1,0
BRDA:29,12,0,0
BRDA:29,12,1,0
BRDA:29,13,0,0
BRDA:29,13,1,0
BRDA:34,14,0,0
BRDA:34,14,1,0
BRDA:35,15,0,0
BRDA:35,15,1,0
BRDA:36,16,0,0
BRDA:36,16,1,0
BRDA:37,17,0,0
BRDA:37,17,1,0
BRDA:38,18,0,0
BRDA:38,18,1,0
BRDA:53,19,0,0
BRDA:53,19,1,0
BRDA:54,20,0,0
BRDA:54,20,1,0
BRDA:55,21,0,0
BRDA:55,21,1,0
BRDA:55,22,0,0
BRDA:55,22,1,0
BRDA:56,23,0,0
BRDA:56,23,1,0
BRDA:56,24,0,0
BRDA:56,24,1,0
BRDA:59,25,0,0
BRDA:59,25,1,0
BRDA:62,26,0,0
BRDA:62,26,1,0
BRDA:66,27,0,0
BRDA:66,27,1,0
BRDA:72,28,0,0
BRDA:72,28,1,0
BRDA:74,29,0,0
BRDA:74,29,1,0
BRDA:75,30,0,0
BRDA:75,30,1,0
BRDA:76,31,0,0
BRDA:76,31,1,0
BRDA:77,32,0,0
BRDA:77,32,1,0
BRDA:77,33,0,0
BRDA:77,33,1,0
BRDA:77,33,2,0
BRDA:80,34,0,0
BRDA:80,34,1,0
BRDA:80,35,0,0
BRDA:80,35,1,0
BRDA:84,36,0,0
BRDA:84,36,1,0
BRDA:91,37,0,0
BRDA:91,37,1,0
BRDA:93,38,0,0
BRDA:93,38,1,0
BRDA:96,39,0,0
BRDA:96,39,1,0
BRDA:99,40,0,0
BRDA:99,40,1,0
BRDA:103,41,0,0
BRDA:103,41,1,0
BRDA:107,42,0,0
BRDA:107,42,1,0
BRDA:108,43,0,0
BRDA:108,43,1,0
BRDA:111,44,0,0
BRDA:111,44,1,0
BRDA:111,45,0,0
BRDA:111,45,1,0
BRDA:114,46,0,0
BRDA:114,46,1,0
BRDA:114,46,2,0
BRDA:114,47,0,0
BRDA:114,47,1,0
BRDA:132,48,0,0
BRDA:132,48,1,0
BRDA:136,49,0,0
BRDA:136,50,0,0
BRDA:136,51,0,0
BRDA:136,51,1,0
BRDA:138,52,0,0
BRDA:138,52,1,0
BRDA:138,53,0,0
BRDA:138,53,1,0
BRDA:143,54,0,0
BRDA:143,54,1,0
BRDA:148,55,0,0
BRDA:148,55,1,0
BRDA:152,56,0,0
BRDA:152,56,1,0
BRDA:152,56,2,0
BRDA:153,57,0,0
BRDA:153,57,1,0
BRDA:154,58,0,0
BRDA:154,58,1,0
BRDA:155,59,0,0
BRDA:155,59,1,0
BRDA:155,60,0,0
BRDA:155,60,1,0
BRDA:155,60,2,0
BRDA:157,61,0,0
BRDA:157,61,1,0
BRDA:157,62,0,0
BRDA:157,62,1,0
BRDA:161,63,0,0
BRDA:161,63,1,0
BRDA:162,64,0,0
BRDA:162,64,1,0
BRDA:165,65,0,0
BRDA:165,65,1,0
BRDA:165,66,0,0
BRDA:165,66,1,0
BRDA:170,67,0,0
BRDA:170,67,1,0
BRDA:170,68,0,0
BRDA:170,68,1,0
BRDA:170,69,0,0
BRDA:170,69,1,0
BRDA:174,70,0,0
BRDA:174,70,1,0
BRDA:174,71,0,0
BRDA:174,71,1,0
BRDA:176,72,0,0
BRDA:176,72,1,0
BRDA:176,72,2,0
BRDA:176,73,0,0
BRDA:176,73,1,0
BRDA:176,74,0,0
BRDA:176,74,1,0
BRDA:180,75,0,0
BRDA:180,75,1,0
BRDA:204,76,0,0
BRDA:204,76,1,0
BRDA:207,77,0,0
BRDA:207,77,1,0
BRF:161
BRH:0
end_of_record
TN:
SF:middleware\applyLessonAccess.js
FN:8,applyLessonAccess
FNF:1
FNH:1
FNDA:113,applyLessonAccess
DA:2,102
DA:8,102
DA:9,113
LF:3
LH:3
BRDA:8,0,0,0
BRF:1
BRH:0
end_of_record
TN:
SF:middleware\auth.js
FN:11,secretFingerprint
FN:16,shouldDebugJwt
FN:23,auth
FN:24,(anonymous_3)
FN:26,(anonymous_4)
FNF:5
FNH:3
FNDA:0,secretFingerprint
FNDA:609,shouldDebugJwt
FNDA:647,auth
FNDA:0,(anonymous_3)
FNDA:647,(anonymous_4)
DA:2,102
DA:4,102
DA:5,102
DA:6,102
DA:7,102
DA:9,102
DA:12,0
DA:13,0
DA:17,609
DA:23,102
DA:24,647
DA:26,647
DA:28,647
DA:33,647
DA:36,647
DA:38,647
DA:39,38
DA:42,609
DA:43,609
DA:44,609
DA:45,609
DA:46,609
DA:47,0
DA:49,609
DA:50,609
DA:51,0
DA:53,609
DA:62,609
DA:63,609
DA:65,609
DA:67,0
DA:68,0
DA:70,0
LF:33
LH:26
BRDA:17,0,0,609
BRDA:17,0,1,0
BRDA:24,1,0,647
BRDA:24,1,1,0
BRDA:28,2,0,647
BRDA:28,2,1,38
BRDA:28,2,2,38
BRDA:28,2,3,38
BRDA:33,3,0,609
BRDA:33,3,1,38
BRDA:33,4,0,647
BRDA:33,4,1,647
BRDA:36,5,0,647
BRDA:36,5,1,38
BRDA:36,5,2,38
BRDA:36,5,3,38
BRDA:38,6,0,38
BRDA:38,6,1,609
BRDA:38,7,0,647
BRDA:38,7,1,609
BRDA:45,8,0,609
BRDA:45,8,1,609
BRDA:45,8,2,0
BRDA:45,8,3,0
BRDA:45,8,4,0
BRDA:46,9,0,0
BRDA:46,9,1,609
BRDA:50,10,0,0
BRDA:50,10,1,609
BRDA:57,11,0,609
BRDA:57,11,1,0
BRDA:58,12,0,609
BRDA:58,12,1,0
BRDA:59,13,0,609
BRDA:59,13,1,0
BRDA:59,13,2,0
BRDA:62,14,0,609
BRDA:62,14,1,0
BRDA:67,15,0,0
BRDA:67,15,1,0
BRF:40
BRH:26
end_of_record
TN:
SF:middleware\bodyLimit.js
FN:7,isBulkOrUploadPath
FN:11,bodyLimitMiddleware
FNF:2
FNH:2
FNDA:686,isBulkOrUploadPath
FNDA:899,bodyLimitMiddleware
DA:5,102
DA:8,686
DA:12,899
DA:13,686
DA:15,90
DA:16,90
DA:18,90
DA:19,0
DA:21,90
DA:24,102
LF:10
LH:9
BRDA:8,0,0,686
BRDA:8,0,1,607
BRDA:8,0,2,598
BRDA:12,1,0,213
BRDA:12,1,1,686
BRDA:12,2,0,899
BRDA:12,2,1,238
BRDA:12,2,2,223
BRDA:13,3,0,596
BRDA:13,3,1,90
BRDA:16,4,0,0
BRDA:16,4,1,90
BRDA:18,5,0,0
BRDA:18,5,1,90
BRF:14
BRH:12
end_of_record
TN:
SF:middleware\canAccessContent.js
FN:14,resolveLessonId
FN:23,isAdmin
FN:28,isTeacher
FN:33,denyBody
FN:43,notFoundBody
FN:50,canAccessContent
FN:58,(anonymous_6)
FNF:7
FNH:7
FNDA:45,resolveLessonId
FNDA:45,isAdmin
FNDA:41,isTeacher
FNDA:9,denyBody
FNDA:1,notFoundBody
FNDA:317,canAccessContent
FNDA:45,(anonymous_6)
DA:9,102
DA:10,102
DA:11,102
DA:12,102
DA:15,45
DA:24,45
DA:25,45
DA:29,41
DA:34,9
DA:44,1
DA:50,102
DA:56,317
DA:58,317
DA:59,45
DA:60,45
DA:61,0
DA:64,45
DA:65,45
DA:66,0
DA:68,45
DA:69,0
DA:72,45
DA:73,45
DA:74,0
DA:77,45
DA:78,45
DA:79,45
DA:81,45
DA:82,0
DA:83,0
DA:84,0
DA:85,0
DA:87,0
DA:90,45
DA:91,45
DA:93,45
DA:97,45
DA:98,15
DA:103,13
DA:104,13
DA:105,13
DA:106,13
DA:108,13
DA:110,2
DA:114,30
DA:115,4
DA:116,4
DA:117,4
DA:118,4
DA:120,4
DA:124,26
DA:125,1
DA:128,25
DA:136,25
DA:137,25
DA:139,25
DA:140,25
DA:143,25
DA:144,11
DA:145,7
DA:149,4
DA:150,0
DA:153,4
DA:154,4
DA:156,0
DA:159,14
DA:161,0
DA:162,0
LF:68
LH:55
BRDA:14,0,0,0
BRDA:16,1,0,45
BRDA:16,1,1,41
BRDA:16,1,2,0
BRDA:16,1,3,0
BRDA:19,2,0,0
BRDA:19,2,1,0
BRDA:24,3,0,45
BRDA:24,3,1,0
BRDA:24,3,2,0
BRDA:25,4,0,45
BRDA:25,4,1,45
BRDA:35,5,0,9
BRDA:35,5,1,0
BRDA:36,6,0,9
BRDA:36,6,1,0
BRDA:37,7,0,9
BRDA:37,7,1,0
BRDA:46,8,0,1
BRDA:46,8,1,0
BRDA:50,9,0,0
BRDA:52,10,0,0
BRDA:53,11,0,317
BRDA:54,12,0,317
BRDA:55,13,0,317
BRDA:60,14,0,0
BRDA:60,14,1,45
BRDA:65,15,0,0
BRDA:65,15,1,45
BRDA:68,16,0,0
BRDA:68,16,1,45
BRDA:73,17,0,0
BRDA:73,17,1,45
BRDA:78,18,0,45
BRDA:78,18,1,0
BRDA:78,19,0,0
BRDA:78,19,1,0
BRDA:81,20,0,0
BRDA:81,20,1,45
BRDA:81,21,0,45
BRDA:81,21,1,45
BRDA:84,22,0,0
BRDA:84,22,1,0
BRDA:91,23,0,45
BRDA:91,23,1,0
BRDA:91,23,2,0
BRDA:93,24,0,45
BRDA:93,24,1,45
BRDA:93,24,2,45
BRDA:97,25,0,15
BRDA:97,25,1,30
BRDA:97,26,0,45
BRDA:97,26,1,45
BRDA:98,27,0,13
BRDA:98,27,1,2
BRDA:99,28,0,15
BRDA:99,28,1,15
BRDA:99,28,2,2
BRDA:99,28,3,13
BRDA:105,29,0,13
BRDA:105,29,1,0
BRDA:114,30,0,4
BRDA:114,30,1,26
BRDA:117,31,0,4
BRDA:117,31,1,0
BRDA:124,32,0,1
BRDA:124,32,1,25
BRDA:124,33,0,26
BRDA:124,33,1,25
BRDA:124,33,2,1
BRDA:139,34,0,25
BRDA:139,34,1,0
BRDA:143,35,0,11
BRDA:143,35,1,14
BRDA:144,36,0,7
BRDA:144,36,1,4
BRDA:149,37,0,0
BRDA:149,37,1,4
BRDA:153,38,0,4
BRDA:153,38,1,0
BRF:80
BRH:50
end_of_record
TN:
SF:middleware\contentGenerationRateLimit.js
FN:14,getUserId
FN:20,isAdmin
FN:25,isWeakEvidenceFixRoute
FN:30,isPracticeSetRoute
FN:35,cleanup
FN:42,contentGenerationRateLimit
FNF:6
FNH:0
FNDA:0,getUserId
FNDA:0,isAdmin
FNDA:0,isWeakEvidenceFixRoute
FNDA:0,isPracticeSetRoute
FNDA:0,cleanup
FNDA:0,contentGenerationRateLimit
DA:6,102
DA:7,102
DA:8,102
DA:9,102
DA:10,102
DA:12,102
DA:15,0
DA:16,0
DA:17,0
DA:21,0
DA:22,0
DA:26,0
DA:27,0
DA:31,0
DA:32,0
DA:36,0
DA:37,0
DA:38,0
DA:42,102
DA:43,0
DA:44,0
DA:47,0
DA:48,0
DA:50,0
DA:52,0
DA:53,0
DA:54,0
DA:56,0
DA:58,0
DA:59,0
DA:60,0
DA:61,0
DA:64,0
DA:65,0
DA:66,0
DA:69,0
DA:70,0
DA:71,0
DA:76,0
LF:39
LH:7
BRDA:16,0,0,0
BRDA:16,0,1,0
BRDA:17,1,0,0
BRDA:17,1,1,0
BRDA:17,1,2,0
BRDA:17,1,3,0
BRDA:21,2,0,0
BRDA:21,2,1,0
BRDA:21,2,2,0
BRDA:22,3,0,0
BRDA:22,3,1,0
BRDA:26,4,0,0
BRDA:26,4,1,0
BRDA:26,4,2,0
BRDA:26,4,3,0
BRDA:31,5,0,0
BRDA:31,5,1,0
BRDA:31,5,2,0
BRDA:31,5,3,0
BRDA:38,6,0,0
BRDA:38,6,1,0
BRDA:44,7,0,0
BRDA:44,7,1,0
BRDA:47,8,0,0
BRDA:47,8,1,0
BRDA:48,9,0,0
BRDA:48,9,1,0
BRDA:50,10,0,0
BRDA:50,10,1,0
BRDA:52,11,0,0
BRDA:52,11,1,0
BRDA:52,12,0,0
BRDA:52,12,1,0
BRDA:53,13,0,0
BRDA:53,13,1,0
BRDA:56,14,0,0
BRDA:56,14,1,0
BRDA:59,15,0,0
BRDA:59,15,1,0
BRDA:64,16,0,0
BRDA:64,16,1,0
BRDA:70,17,0,0
BRDA:70,17,1,0
BRF:43
BRH:0
end_of_record
TN:
SF:middleware\enquiryRateLimit.js
FN:13,getUserId
FN:19,isAdmin
FN:24,isStudent
FN:29,cleanup
FN:36,enquiryRateLimit
FNF:5
FNH:0
FNDA:0,getUserId
FNDA:0,isAdmin
FNDA:0,isStudent
FNDA:0,cleanup
FNDA:0,enquiryRateLimit
DA:6,0
DA:7,0
DA:8,0
DA:9,0
DA:11,0
DA:14,0
DA:15,0
DA:16,0
DA:20,0
DA:21,0
DA:25,0
DA:26,0
DA:30,0
DA:31,0
DA:32,0
DA:36,0
DA:37,0
DA:38,0
DA:40,0
DA:41,0
DA:42,0
DA:43,0
DA:45,0
DA:47,0
DA:48,0
DA:49,0
DA:50,0
DA:53,0
DA:54,0
DA:55,0
DA:58,0
DA:59,0
DA:60,0
DA:65,0
LF:34
LH:0
BRDA:15,0,0,0
BRDA:15,0,1,0
BRDA:16,1,0,0
BRDA:16,1,1,0
BRDA:16,1,2,0
BRDA:16,1,3,0
BRDA:20,2,0,0
BRDA:20,2,1,0
BRDA:20,2,2,0
BRDA:21,3,0,0
BRDA:21,3,1,0
BRDA:25,4,0,0
BRDA:25,4,1,0
BRDA:25,4,2,0
BRDA:32,5,0,0
BRDA:32,5,1,0
BRDA:38,6,0,0
BRDA:38,6,1,0
BRDA:41,7,0,0
BRDA:41,7,1,0
BRDA:42,8,0,0
BRDA:42,8,1,0
BRDA:45,9,0,0
BRDA:45,9,1,0
BRDA:48,10,0,0
BRDA:48,10,1,0
BRDA:53,11,0,0
BRDA:53,11,1,0
BRDA:59,12,0,0
BRDA:59,12,1,0
BRF:30
BRH:0
end_of_record
TN:
SF:middleware\externalSearchRateLimit.js
FN:12,getUserId
FN:18,isAdmin
FN:23,cleanup
FN:30,externalSearchRateLimit
FNF:4
FNH:0
FNDA:0,getUserId
FNDA:0,isAdmin
FNDA:0,cleanup
FNDA:0,externalSearchRateLimit
DA:6,0
DA:7,0
DA:8,0
DA:10,0
DA:13,0
DA:14,0
DA:15,0
DA:19,0
DA:20,0
DA:24,0
DA:25,0
DA:26,0
DA:30,0
DA:31,0
DA:32,0
DA:34,0
DA:35,0
DA:37,0
DA:38,0
DA:40,0
DA:42,0
DA:43,0
DA:44,0
DA:45,0
DA:48,0
DA:49,0
DA:50,0
DA:53,0
DA:54,0
DA:55,0
DA:60,0
LF:31
LH:0
BRDA:14,0,0,0
BRDA:14,0,1,0
BRDA:15,1,0,0
BRDA:15,1,1,0
BRDA:15,1,2,0
BRDA:15,1,3,0
BRDA:19,2,0,0
BRDA:19,2,1,0
BRDA:19,2,2,0
BRDA:20,3,0,0
BRDA:20,3,1,0
BRDA:26,4,0,0
BRDA:26,4,1,0
BRDA:32,5,0,0
BRDA:32,5,1,0
BRDA:35,6,0,0
BRDA:35,6,1,0
BRDA:37,7,0,0
BRDA:37,7,1,0
BRDA:40,8,0,0
BRDA:40,8,1,0
BRDA:43,9,0,0
BRDA:43,9,1,0
BRDA:48,10,0,0
BRDA:48,10,1,0
BRDA:54,11,0,0
BRDA:54,11,1,0
BRF:27
BRH:0
end_of_record
TN:
SF:middleware\index.js
FNF:0
FNH:0
DA:6,102
DA:7,102
DA:8,102
DA:9,102
DA:10,102
DA:11,102
DA:12,102
DA:14,102
LF:8
LH:8
BRF:0
BRH:0
end_of_record
TN:
SF:middleware\publishGateRateLimit.js
FN:10,getUserId
FN:16,isAdmin
FN:21,cleanup
FN:28,publishGateRateLimit
FNF:4
FNH:0
FNDA:0,getUserId
FNDA:0,isAdmin
FNDA:0,cleanup
FNDA:0,publishGateRateLimit
DA:4,102
DA:5,102
DA:6,102
DA:8,102
DA:11,0
DA:12,0
DA:13,0
DA:17,0
DA:18,0
DA:22,0
DA:23,0
DA:24,0
DA:28,102
DA:29,0
DA:30,0
DA:32,0
DA:33,0
DA:35,0
DA:37,0
DA:38,0
DA:39,0
DA:40,0
DA:43,0
DA:44,0
DA:45,0
DA:48,0
DA:49,0
DA:50,0
DA:55,0
LF:29
LH:5
BRDA:12,0,0,0
BRDA:12,0,1,0
BRDA:13,1,0,0
BRDA:13,1,1,0
BRDA:13,1,2,0
BRDA:13,1,3,0
BRDA:17,2,0,0
BRDA:17,2,1,0
BRDA:17,2,2,0
BRDA:18,3,0,0
BRDA:18,3,1,0
BRDA:24,4,0,0
BRDA:24,4,1,0
BRDA:30,5,0,0
BRDA:30,5,1,0
BRDA:32,6,0,0
BRDA:32,6,1,0
BRDA:35,7,0,0
BRDA:35,7,1,0
BRDA:38,8,0,0
BRDA:38,8,1,0
BRDA:43,9,0,0
BRDA:43,9,1,0
BRDA:49,10,0,0
BRDA:49,10,1,0
BRF:25
BRH:0
end_of_record
TN:
SF:middleware\rateLimitBulk.js
FN:14,noop
FN:18,createBulkLimiter
FN:30,createUploadLimiter
FN:41,createAttemptLimiter
FNF:4
FNH:3
FNDA:0,noop
FNDA:307,createBulkLimiter
FNDA:102,createUploadLimiter
FNDA:204,createAttemptLimiter
DA:5,102
DA:12,102
DA:15,0
DA:19,307
DA:20,307
DA:21,307
DA:31,102
DA:32,102
DA:42,204
DA:43,204
DA:52,102
LF:11
LH:10
BRDA:18,0,0,306
BRDA:19,1,0,1
BRDA:19,1,1,306
BRDA:20,2,0,0
BRDA:20,2,1,307
BRDA:20,3,0,307
BRDA:20,3,1,0
BRDA:22,4,0,307
BRDA:22,4,1,306
BRDA:31,5,0,0
BRDA:31,5,1,102
BRDA:42,6,0,0
BRDA:42,6,1,204
BRF:13
BRH:9
end_of_record
TN:
SF:middleware\requireActiveSubscription.js
FN:13,requireActiveSubscription
FNF:1
FNH:1
FNDA:26,requireActiveSubscription
DA:1,102
DA:14,26
DA:17,26
DA:18,1
DA:22,25
DA:23,1
DA:26,24
DA:29,102
LF:8
LH:8
BRDA:17,0,0,1
BRDA:17,0,1,25
BRDA:17,1,0,26
BRDA:17,1,1,26
BRDA:17,1,2,25
BRDA:22,2,0,1
BRDA:22,2,1,24
BRDA:22,3,0,25
BRDA:22,3,1,25
BRF:9
BRH:9
end_of_record
TN:
SF:middleware\requireAdmin.js
FN:2,requireAdmin
FNF:1
FNH:1
FNDA:1,requireAdmin
DA:3,1
DA:4,0
DA:6,1
DA:7,1
DA:8,1
DA:9,1
DA:11,0
DA:14,102
LF:8
LH:6
BRDA:3,0,0,0
BRDA:3,0,1,1
BRDA:6,1,0,1
BRDA:6,1,1,0
BRDA:6,1,2,0
BRDA:7,2,0,1
BRDA:7,2,1,1
BRDA:8,3,0,1
BRDA:8,3,1,0
BRDA:8,4,0,1
BRDA:8,4,1,1
BRDA:8,4,2,1
BRF:12
BRH:8
end_of_record
TN:
SF:middleware\requireAiJobAccess.js
FN:6,requireAiJobAccess
FNF:1
FNH:0
FNDA:0,requireAiJobAccess
DA:7,0
DA:10,102
LF:2
LH:1
BRF:0
BRH:0
end_of_record
TN:
SF:middleware\requireLessonAccess.js
FN:17,isAdmin
FN:22,denyBody
FN:31,requireLessonAccess
FN:34,(anonymous_3)
FNF:4
FNH:3
FNDA:4,isAdmin
FNDA:0,denyBody
FNDA:204,requireLessonAccess
FNDA:8,(anonymous_3)
DA:12,102
DA:13,102
DA:14,102
DA:15,102
DA:18,4
DA:19,4
DA:23,0
DA:32,204
DA:34,204
DA:36,8
DA:39,8
DA:40,6
DA:43,8
DA:44,2
DA:46,6
DA:47,0
DA:50,6
DA:51,6
DA:52,2
DA:55,4
DA:57,4
DA:60,4
DA:61,4
DA:62,4
DA:63,4
DA:66,0
DA:67,0
DA:68,0
DA:76,0
DA:77,0
DA:79,0
DA:80,0
DA:81,0
DA:82,0
DA:86,0
DA:91,0
DA:95,102
LF:37
LH:24
BRDA:18,0,0,4
BRDA:18,0,1,0
BRDA:18,0,2,0
BRDA:24,1,0,0
BRDA:24,1,1,0
BRDA:25,2,0,0
BRDA:25,2,1,0
BRDA:26,3,0,0
BRDA:26,3,1,0
BRDA:31,4,0,0
BRDA:32,5,0,204
BRDA:32,5,1,204
BRDA:36,6,0,8
BRDA:36,6,1,8
BRDA:36,6,2,8
BRDA:39,7,0,6
BRDA:39,7,1,2
BRDA:39,8,0,8
BRDA:39,8,1,0
BRDA:39,8,2,8
BRDA:39,8,3,8
BRDA:43,9,0,2
BRDA:43,9,1,6
BRDA:43,10,0,8
BRDA:43,10,1,6
BRDA:46,11,0,0
BRDA:46,11,1,6
BRDA:51,12,0,2
BRDA:51,12,1,4
BRDA:57,13,0,4
BRDA:57,13,1,4
BRDA:57,13,2,4
BRDA:59,14,0,4
BRDA:59,14,1,0
BRDA:60,15,0,4
BRDA:60,15,1,0
BRDA:60,16,0,4
BRDA:60,16,1,0
BRDA:62,17,0,0
BRDA:62,17,1,4
BRDA:66,18,0,0
BRDA:66,18,1,0
BRDA:66,19,0,0
BRDA:66,19,1,0
BRDA:68,20,0,0
BRDA:68,20,1,0
BRDA:69,21,0,0
BRDA:69,21,1,0
BRDA:79,22,0,0
BRDA:79,22,1,0
BRDA:81,23,0,0
BRDA:81,23,1,0
BRF:52
BRH:25
end_of_record
TN:
SF:middleware\requirePublishGateIfGenerated.js
FN:13,checkPublishGateForGenerated
FNF:1
FNH:1
FNDA:23,checkPublishGateForGenerated
DA:5,6
DA:14,23
DA:15,23
DA:17,0
DA:18,0
DA:19,0
DA:21,0
DA:24,6
LF:8
LH:4
BRDA:15,0,0,23
BRDA:15,0,1,0
BRDA:15,1,0,23
BRDA:15,1,1,0
BRDA:18,2,0,0
BRDA:18,2,1,0
BRF:6
BRH:2
end_of_record
TN:
SF:middleware\sprintOrderRateLimit.js
FN:11,getUserId
FN:17,isAdmin
FN:22,cleanup
FN:29,sprintOrderRateLimit
FNF:4
FNH:0
FNDA:0,getUserId
FNDA:0,isAdmin
FNDA:0,cleanup
FNDA:0,sprintOrderRateLimit
DA:5,102
DA:6,102
DA:7,102
DA:9,102
DA:12,0
DA:13,0
DA:14,0
DA:18,0
DA:19,0
DA:23,0
DA:24,0
DA:25,0
DA:29,102
DA:30,0
DA:31,0
DA:33,0
DA:34,0
DA:36,0
DA:38,0
DA:39,0
DA:40,0
DA:41,0
DA:44,0
DA:45,0
DA:46,0
DA:49,0
DA:50,0
DA:51,0
DA:56,0
LF:29
LH:5
BRDA:13,0,0,0
BRDA:13,0,1,0
BRDA:14,1,0,0
BRDA:14,1,1,0
BRDA:14,1,2,0
BRDA:14,1,3,0
BRDA:18,2,0,0
BRDA:18,2,1,0
BRDA:18,2,2,0
BRDA:19,3,0,0
BRDA:19,3,1,0
BRDA:25,4,0,0
BRDA:25,4,1,0
BRDA:31,5,0,0
BRDA:31,5,1,0
BRDA:33,6,0,0
BRDA:33,6,1,0
BRDA:36,7,0,0
BRDA:36,7,1,0
BRDA:39,8,0,0
BRDA:39,8,1,0
BRDA:44,9,0,0
BRDA:44,9,1,0
BRDA:50,10,0,0
BRDA:50,10,1,0
BRF:25
BRH:0
end_of_record
TN:
SF:middleware\topicSummaryExportRateLimit.js
FN:9,(anonymous_0)
FN:18,(anonymous_1)
FN:19,(anonymous_2)
FNF:3
FNH:0
FNDA:0,(anonymous_0)
FNDA:0,(anonymous_1)
FNDA:0,(anonymous_2)
DA:5,102
DA:7,102
DA:10,0
DA:11,0
DA:12,0
DA:13,0
DA:18,0
DA:20,0
DA:21,0
DA:25,102
LF:10
LH:3
BRDA:10,0,0,0
BRDA:10,0,1,0
BRDA:10,0,2,0
BRDA:11,1,0,0
BRDA:11,1,1,0
BRDA:11,2,0,0
BRDA:11,2,1,0
BRDA:12,3,0,0
BRDA:12,3,1,0
BRDA:18,4,0,0
BRDA:18,4,1,0
BRDA:18,4,2,0
BRDA:20,5,0,0
BRDA:20,5,1,0
BRDA:20,5,2,0
BRDA:21,6,0,0
BRDA:21,6,1,0
BRDA:21,6,2,0
BRDA:21,6,3,0
BRF:19
BRH:0
end_of_record
TN:
SF:middleware\topicSummaryRateLimit.js
FN:9,(anonymous_0)
FN:18,(anonymous_1)
FN:19,(anonymous_2)
FNF:3
FNH:0
FNDA:0,(anonymous_0)
FNDA:0,(anonymous_1)
FNDA:0,(anonymous_2)
DA:5,102
DA:7,102
DA:10,0
DA:11,0
DA:12,0
DA:13,0
DA:18,0
DA:20,0
DA:21,0
DA:25,102
LF:10
LH:3
BRDA:10,0,0,0
BRDA:10,0,1,0
BRDA:10,0,2,0
BRDA:11,1,0,0
BRDA:11,1,1,0
BRDA:11,2,0,0
BRDA:11,2,1,0
BRDA:12,3,0,0
BRDA:12,3,1,0
BRDA:18,4,0,0
BRDA:18,4,1,0
BRDA:18,4,2,0
BRDA:20,5,0,0
BRDA:20,5,1,0
BRDA:20,5,2,0
BRDA:21,6,0,0
BRDA:21,6,1,0
BRDA:21,6,2,0
BRDA:21,6,3,0
BRF:19
BRH:0
end_of_record
TN:
SF:middleware\topicSummaryToLessonRateLimit.js
FN:8,(anonymous_0)
FN:16,(anonymous_1)
FN:17,(anonymous_2)
FNF:3
FNH:0
FNDA:0,(anonymous_0)
FNDA:0,(anonymous_1)
FNDA:0,(anonymous_2)
DA:4,102
DA:6,102
DA:9,0
DA:10,0
DA:11,0
DA:16,0
DA:18,0
DA:19,0
DA:23,102
LF:9
LH:3
BRDA:9,0,0,0
BRDA:9,0,1,0
BRDA:9,0,2,0
BRDA:10,1,0,0
BRDA:10,1,1,0
BRDA:10,2,0,0
BRDA:10,2,1,0
BRDA:16,3,0,0
BRDA:16,3,1,0
BRDA:16,3,2,0
BRDA:18,4,0,0
BRDA:18,4,1,0
BRDA:18,4,2,0
BRDA:19,5,0,0
BRDA:19,5,1,0
BRDA:19,5,2,0
BRF:16
BRH:0
end_of_record
TN:
SF:models\AdminTaxonomyItem.js
FNF:0
FNH:0
DA:5,102
DA:7,102
DA:28,102
DA:29,102
DA:31,102
LF:5
LH:5
BRF:0
BRH:0
end_of_record
TN:
SF:models\AiGenerationJob.js
FNF:0
FNH:0
DA:7,0
DA:9,0
DA:10,0
DA:11,0
DA:13,0
DA:81,0
DA:82,0
DA:83,0
DA:85,0
LF:9
LH:0
BRF:0
BRH:0
end_of_record
TN:
SF:models\AssessmentAttempt.js
FNF:0
FNH:0
DA:2,102
DA:4,102
DA:33,102
DA:107,102
DA:112,102
LF:5
LH:5
BRF:0
BRH:0
end_of_record
TN:
SF:models\AssessmentItem.js
FNF:0
FNH:0
DA:2,102
DA:4,102
DA:122,102
DA:123,102
DA:124,102
DA:125,102
DA:127,102
LF:7
LH:7
BRF:0
BRH:0
end_of_record
TN:
SF:models\AssessmentPaper.js
FN:127,(anonymous_0)
FN:130,(anonymous_1)
FN:134,(anonymous_2)
FN:137,(anonymous_3)
FN:146,(anonymous_4)
FNF:5
FNH:4
FNDA:1,(anonymous_0)
FNDA:2,(anonymous_1)
FNDA:1,(anonymous_2)
FNDA:2,(anonymous_3)
FNDA:0,(anonymous_4)
DA:2,102
DA:12,102
DA:36,102
DA:121,102
DA:122,102
DA:123,102
DA:127,102
DA:128,1
DA:129,1
DA:130,2
DA:134,102
DA:135,1
DA:137,2
DA:138,1
DA:140,1
DA:141,0
DA:146,102
DA:147,0
DA:148,0
DA:150,0
DA:151,0
DA:155,0
DA:159,102
DA:160,102
DA:162,102
LF:25
LH:19
BRDA:128,0,0,0
BRDA:128,0,1,1
BRDA:129,1,0,0
BRDA:129,1,1,1
BRDA:135,2,0,1
BRDA:135,2,1,0
BRDA:140,3,0,0
BRDA:140,3,1,1
BRDA:147,4,0,0
BRDA:147,4,1,0
BRDA:147,5,0,0
BRDA:147,5,1,0
BRDA:150,6,0,0
BRDA:150,6,1,0
BRDA:150,7,0,0
BRDA:150,7,1,0
BRF:16
BRH:4
end_of_record
TN:
SF:models\BackgroundJob.js
FNF:0
FNH:0
DA:5,102
DA:7,102
DA:27,102
DA:28,102
DA:29,102
DA:31,102
LF:6
LH:6
BRF:0
BRH:0
end_of_record
TN:
SF:models\ContentGenerationJob.js
FNF:0
FNH:0
DA:4,103
DA:6,103
DA:49,103
DA:50,103
DA:52,103
LF:5
LH:5
BRF:0
BRH:0
end_of_record
TN:
SF:models\Conversation.js
FNF:0
FNH:0
DA:4,102
DA:6,102
DA:19,102
DA:20,102
DA:21,102
DA:23,102
LF:6
LH:6
BRF:0
BRH:0
end_of_record
TN:
SF:models\ConversationMessage.js
FNF:0
FNH:0
DA:4,102
DA:6,102
DA:21,102
DA:23,102
LF:4
LH:4
BRF:0
BRH:0
end_of_record
TN:
SF:models\CoverageSnapshot.js
FN:46,(anonymous_0)
FNF:1
FNH:0
FNDA:0,(anonymous_0)
DA:5,102
DA:7,102
DA:15,102
DA:46,0
DA:53,102
DA:54,102
DA:55,102
DA:57,102
LF:8
LH:7
BRF:0
BRH:0
end_of_record
TN:
SF:models\Curriculum.js
FNF:0
FNH:0
DA:4,0
DA:6,0
DA:8,0
DA:17,0
LF:4
[...]
DA:4,102
DA:5,102
DA:6,102
DA:8,102
DA:9,102
DA:10,102
DA:13,3
DA:14,1
DA:25,3
DA:26,0
DA:28,3
DA:29,0
DA:31,3
DA:32,3
DA:33,0
DA:36,3
DA:37,3
DA:38,3
DA:39,3
DA:40,3
DA:41,3
DA:42,3
DA:44,3
DA:53,102
LF:24
LH:21
BRDA:8,0,0,102
BRDA:8,0,1,102
BRDA:9,1,0,102
BRDA:9,1,1,102
BRDA:13,2,0,1
BRDA:13,2,1,2
BRDA:25,3,0,0
BRDA:25,3,1,3
BRDA:25,4,0,3
BRDA:25,4,1,3
BRDA:28,5,0,0
BRDA:28,5,1,3
BRDA:31,6,0,3
BRDA:31,6,1,0
BRDA:32,7,0,0
BRDA:32,7,1,3
BRDA:37,8,0,3
BRDA:37,8,1,0
BRDA:37,9,0,3
BRDA:37,9,1,0
BRDA:49,10,0,3
BRDA:49,10,1,0
BRF:22
BRH:15
end_of_record
TN:
SF:utils\seedLessonFlashcardsFromTopic.js
FN:14,mapToLessonCards
FN:15,(anonymous_1)
FN:34,fetchTopicFlashcardsForSeed
FN:60,fetchTopicFlashcardsForTopicOnly
FNF:4
FNH:4
FNDA:17,mapToLessonCards
FNDA:3,(anonymous_1)
FNDA:15,fetchTopicFlashcardsForSeed
FNDA:2,fetchTopicFlashcardsForTopicOnly
DA:6,102
DA:7,102
DA:9,102
DA:15,17
DA:35,15
DA:36,15
DA:37,15
DA:38,15
DA:39,15
DA:40,15
DA:41,15
DA:49,15
DA:61,2
DA:62,2
DA:63,2
DA:64,2
DA:65,2
DA:66,2
DA:67,2
DA:74,2
DA:77,102
LF:21
LH:21
BRDA:17,0,0,3
BRDA:17,0,1,0
BRDA:18,1,0,3
BRDA:18,1,1,0
BRDA:34,2,0,0
BRDA:34,3,0,11
BRDA:35,4,0,0
BRDA:35,4,1,15
BRDA:35,5,0,15
BRDA:35,5,1,15
BRDA:35,5,2,15
BRDA:36,6,0,15
BRDA:36,6,1,1
BRDA:36,6,2,14
BRDA:38,7,0,15
BRDA:38,7,1,0
BRDA:40,8,0,4
BRDA:40,8,1,11
BRDA:43,9,0,15
BRDA:43,9,1,0
BRDA:60,10,0,0
BRDA:60,11,0,0
BRDA:61,12,0,0
BRDA:61,12,1,2
BRDA:61,13,0,2
BRDA:61,13,1,2
BRDA:61,13,2,2
BRDA:62,14,0,2
BRDA:62,14,1,2
BRDA:62,14,2,0
BRDA:64,15,0,2
BRDA:64,15,1,0
BRDA:66,16,0,2
BRDA:66,16,1,0
BRDA:68,17,0,2
BRDA:68,17,1,0
BRF:36
BRH:23
end_of_record
TN:
SF:utils\shortAnswerMarking.js
FN:26,normalise
FN:40,extractConceptTokens
FN:44,(anonymous_2)
FN:45,(anonymous_3)
FN:51,fuzzyHasToken
FN:53,(anonymous_5)
FN:56,levenshtein
FN:59,(anonymous_7)
FN:78,detectContradiction
FN:93,(anonymous_9)
FN:125,getKeyConceptTokens
FN:147,checkContradiction
FN:164,markShortAnswer
FN:189,(anonymous_13)
FNF:14
FNH:14
FNDA:110,normalise
FNDA:84,extractConceptTokens
FNDA:646,(anonymous_2)
FNDA:495,(anonymous_3)
FNDA:52,fuzzyHasToken
FNDA:112,(anonymous_5)
FNDA:315,levenshtein
FNDA:1793,(anonymous_7)
FNDA:15,detectContradiction
FNDA:251,(anonymous_9)
FNDA:26,getKeyConceptTokens
FNDA:15,checkContradiction
FNDA:11,markShortAnswer
FNDA:14,(anonymous_13)
DA:7,103
DA:14,103
DA:27,110
DA:41,84
DA:44,646
DA:45,495
DA:52,52
DA:53,112
DA:57,315
DA:58,315
DA:59,1793
DA:60,1793
DA:61,2480
DA:62,315
DA:63,1478
DA:64,10039
DA:65,10039
DA:68,315
DA:79,15
DA:80,0
DA:83,15
DA:84,15
DA:85,15
DA:87,15
DA:89,15
DA:90,46
DA:91,46
DA:93,251
DA:94,46
DA:97,22
DA:98,22
DA:99,22
DA:101,22
DA:102,93
DA:103,93
DA:104,5
DA:107,88
DA:108,80
DA:109,80
DA:110,3
DA:116,7
DA:126,26
DA:130,26
DA:131,26
DA:132,62
DA:133,62
DA:134,204
DA:137,26
DA:148,15
DA:149,15
DA:150,15
DA:165,11
DA:167,11
DA:171,11
DA:172,0
DA:175,11
DA:176,11
DA:178,11
DA:179,11
DA:182,11
DA:183,11
DA:184,5
DA:188,6
DA:189,14
DA:190,6
DA:191,2
DA:197,4
DA:198,4
DA:199,11
DA:200,11
DA:201,11
DA:202,11
DA:203,11
DA:204,38
DA:206,11
DA:207,11
DA:210,4
DA:211,0
DA:214,4
DA:217,103
LF:80
LH:77
BRDA:26,0,0,0
BRDA:53,1,0,112
BRDA:53,1,1,85
BRDA:57,2,0,0
BRDA:57,2,1,315
BRDA:64,3,0,686
BRDA:64,3,1,9353
BRDA:79,4,0,0
BRDA:79,4,1,15
BRDA:79,5,0,15
BRDA:79,5,1,15
BRDA:85,6,0,0
BRDA:85,6,1,15
BRDA:91,7,0,0
BRDA:91,7,1,46
BRDA:93,8,0,251
BRDA:93,8,1,230
BRDA:94,9,0,24
BRDA:94,9,1,22
BRDA:103,10,0,5
BRDA:103,10,1,88
BRDA:107,11,0,80
BRDA:107,11,1,8
BRDA:109,12,0,3
BRDA:109,12,1,77
BRDA:109,13,0,80
BRDA:109,13,1,79
BRDA:109,13,2,79
BRDA:109,13,3,77
BRDA:126,14,0,26
BRDA:126,14,1,0
BRDA:128,15,0,0
BRDA:128,15,1,0
BRDA:134,16,0,188
BRDA:134,16,1,16
BRDA:134,17,0,204
BRDA:134,17,1,188
BRDA:164,18,0,11
BRDA:165,19,0,11
BRDA:165,20,0,11
BRDA:167,21,0,11
BRDA:167,21,1,0
BRDA:169,22,0,0
BRDA:169,22,1,0
BRDA:171,23,0,0
BRDA:171,23,1,11
BRDA:176,24,0,0
BRDA:176,24,1,11
BRDA:183,25,0,5
BRDA:183,25,1,6
BRDA:188,26,0,6
BRDA:188,26,1,0
BRDA:188,27,0,6
BRDA:188,27,1,6
BRDA:190,28,0,2
BRDA:190,28,1,4
BRDA:201,29,0,0
BRDA:201,29,1,11
BRDA:204,30,0,23
BRDA:204,30,1,15
BRDA:207,31,0,6
BRDA:207,31,1,5
BRDA:210,32,0,0
BRDA:210,32,1,4
BRF:64
BRH:48
end_of_record
TN:
SF:utils\specTopicValidation.js
FN:6,assertValidSpecKey
FN:20,assertValidSpecTopic
FN:28,(anonymous_2)
FN:28,(anonymous_3)
FN:44,assertValidNamespacedTopicKey
FNF:5
FNH:5
FNDA:127,assertValidSpecKey
FNDA:63,assertValidSpecTopic
FNDA:441,(anonymous_2)
FNDA:6741,(anonymous_3)
FNDA:50,assertValidNamespacedTopicKey
DA:1,102
DA:7,127
DA:8,127
DA:9,5
DA:10,5
DA:11,5
DA:13,122
DA:21,63
DA:22,63
DA:23,0
DA:24,0
DA:25,0
DA:28,6741
DA:29,63
DA:31,63
DA:32,7
DA:33,7
DA:34,7
DA:37,56
DA:45,50
DA:46,50
DA:47,0
DA:48,0
DA:49,0
DA:51,50
DA:52,50
DA:53,50
DA:54,4
DA:55,4
DA:56,4
DA:58,46
DA:59,46
DA:60,0
DA:61,0
DA:62,0
DA:64,46
DA:65,42
DA:68,102
LF:38
LH:29
BRDA:8,0,0,5
BRDA:8,0,1,122
BRDA:22,1,0,0
BRDA:22,1,1,63
BRDA:28,2,0,441
BRDA:28,2,1,0
BRDA:31,3,0,7
BRDA:31,3,1,56
BRDA:46,4,0,0
BRDA:46,4,1,50
BRDA:46,5,0,50
BRDA:46,5,1,50
BRDA:53,6,0,4
BRDA:53,6,1,46
BRDA:59,7,0,0
BRDA:59,7,1,46
BRF:16
BRH:12
end_of_record
TN:
SF:utils\topicDriftValidation.js
FN:20,buildStrongDriftPhrases
FN:70,extractTextFromLesson
FN:89,countPhraseOccurrences
FN:109,validateGeneratedContentAgainstTopic
FN:127,(anonymous_4)
FN:131,(anonymous_5)
FN:134,(anonymous_6)
FN:137,(anonymous_7)
FN:170,filterBankItemsByDrift
FN:182,(anonymous_9)
FN:185,(anonymous_10)
FN:195,(anonymous_11)
FN:196,(anonymous_12)
FN:197,(anonymous_13)
FNF:14
FNH:12
FNDA:22,buildStrongDriftPhrases
FNDA:18,extractTextFromLesson
FNDA:753,countPhraseOccurrences
FNDA:23,validateGeneratedContentAgainstTopic
FNDA:1,(anonymous_4)
FNDA:8,(anonymous_5)
FNDA:4,(anonymous_6)
FNDA:0,(anonymous_7)
FNDA:2,filterBankItemsByDrift
FNDA:6,(anonymous_9)
FNDA:9,(anonymous_10)
FNDA:4,(anonymous_11)
FNDA:2,(anonymous_12)
FNDA:0,(anonymous_13)
DA:6,104
DA:12,104
DA:21,22
DA:22,22
DA:24,22
DA:41,22
DA:43,22
DA:44,400
DA:45,241
DA:46,638
DA:47,638
DA:48,606
DA:49,603
DA:50,603
DA:54,159
DA:55,159
DA:56,159
DA:57,159
DA:62,22
DA:71,18
DA:72,17
DA:73,17
DA:74,16
DA:75,16
DA:76,27
DA:77,27
DA:79,16
DA:80,16
DA:81,16
DA:83,17
DA:90,753
DA:91,753
DA:92,753
DA:93,753
DA:110,23
DA:111,23
DA:113,23
DA:116,20
DA:117,20
DA:118,20
DA:120,20
DA:121,20
DA:123,20
DA:124,20
DA:125,14
DA:126,6
DA:127,1
DA:130,20
DA:131,8
DA:133,20
DA:134,4
DA:136,20
DA:137,0
DA:140,20
DA:142,20
DA:143,20
DA:144,753
DA:145,753
DA:146,11
DA:147,742
DA:148,7
DA:152,20
DA:153,12
DA:154,12
DA:155,12
DA:156,12
DA:162,20
DA:171,2
DA:172,2
DA:173,0
DA:181,2
DA:182,2
DA:183,6
DA:184,6
DA:185,6
DA:186,9
DA:187,9
DA:191,2
DA:192,2
DA:193,2
DA:195,4
DA:196,2
DA:197,2
DA:200,2
DA:202,2
DA:211,104
LF:86
LH:84
BRDA:41,0,0,22
BRDA:41,0,1,20
BRDA:41,0,2,6
BRDA:43,1,0,22
BRDA:43,1,1,0
BRDA:44,2,0,241
BRDA:44,2,1,159
BRDA:47,3,0,32
BRDA:47,3,1,606
BRDA:48,4,0,603
BRDA:48,4,1,3
BRDA:55,5,0,159
BRDA:55,5,1,0
BRDA:55,6,0,159
BRDA:55,6,1,159
BRDA:55,6,2,159
BRDA:71,7,0,1
BRDA:71,7,1,17
BRDA:74,8,0,16
BRDA:74,8,1,0
BRDA:76,9,0,27
BRDA:76,9,1,5
BRDA:76,9,2,0
BRDA:77,10,0,27
BRDA:77,10,1,0
BRDA:80,11,0,1
BRDA:80,11,1,15
BRDA:81,12,0,1
BRDA:81,12,1,15
BRDA:90,13,0,0
BRDA:90,13,1,753
BRDA:90,14,0,753
BRDA:90,14,1,753
BRDA:93,15,0,22
BRDA:93,15,1,731
BRDA:110,16,0,23
BRDA:110,16,1,0
BRDA:113,17,0,3
BRDA:113,17,1,20
BRDA:113,18,0,23
BRDA:113,18,1,21
BRDA:116,19,0,0
BRDA:116,19,1,20
BRDA:118,20,0,0
BRDA:118,20,1,20
BRDA:121,21,0,0
BRDA:121,21,1,20
BRDA:124,22,0,14
BRDA:124,22,1,6
BRDA:126,23,0,1
BRDA:126,23,1,5
BRDA:127,24,0,1
BRDA:127,24,1,0
BRDA:130,25,0,6
BRDA:130,25,1,14
BRDA:131,26,0,8
BRDA:131,26,1,0
BRDA:131,26,2,0
BRDA:131,27,0,8
BRDA:131,27,1,0
BRDA:133,28,0,7
BRDA:133,28,1,13
BRDA:134,29,0,4
BRDA:134,29,1,0
BRDA:134,30,0,4
BRDA:134,30,1,0
BRDA:136,31,0,7
BRDA:136,31,1,13
BRDA:137,32,0,0
BRDA:137,32,1,0
BRDA:137,33,0,0
BRDA:137,33,1,0
BRDA:145,34,0,11
BRDA:145,34,1,742
BRDA:147,35,0,7
BRDA:147,35,1,735
BRDA:147,36,0,742
BRDA:147,36,1,11
BRDA:152,37,0,12
BRDA:152,37,1,8
BRDA:155,38,0,12
BRDA:155,38,1,8
BRDA:172,39,0,0
BRDA:172,39,1,2
BRDA:172,40,0,2
BRDA:172,40,1,2
BRDA:174,41,0,0
BRDA:174,41,1,0
BRDA:175,42,0,0
BRDA:175,42,1,0
BRDA:176,43,0,0
BRDA:176,43,1,0
BRDA:183,44,0,0
BRDA:183,44,1,6
BRDA:183,45,0,6
BRDA:183,45,1,6
BRDA:191,46,0,2
BRDA:191,46,1,0
BRDA:192,47,0,2
BRDA:192,47,1,0
BRDA:193,48,0,2
BRDA:193,48,1,0
BRDA:195,49,0,4
BRDA:195,49,1,0
BRDA:195,50,0,4
BRDA:195,50,1,0
BRDA:196,51,0,2
BRDA:196,51,1,0
BRDA:196,51,2,0
BRDA:196,52,0,2
BRDA:196,52,1,0
BRDA:197,53,0,0
BRDA:197,53,1,0
BRDA:197,54,0,0
BRDA:197,54,1,0
BRF:115
BRH:75
end_of_record
TN:
SF:utils\topicKey.js
FN:14,buildTopicKey
FN:27,parseTopicKey
FN:47,isNamespacedTopicKey
FN:59,normalizeToStoredKey
FN:74,queryCandidates
FNF:5
FNH:3
FNDA:705,buildTopicKey
FNDA:499,parseTopicKey
FNDA:0,isNamespacedTopicKey
FNDA:0,normalizeToStoredKey
FNDA:390,queryCandidates
DA:6,106
DA:15,705
DA:16,705
DA:17,705
DA:18,705
DA:19,705
DA:28,499
DA:29,2
DA:31,497
DA:32,497
DA:33,497
DA:34,409
DA:36,88
DA:48,0
DA:49,0
DA:60,0
DA:61,0
DA:62,0
DA:63,0
DA:75,390
DA:76,390
DA:77,390
DA:78,390
DA:79,390
DA:80,0
DA:81,0
DA:83,390
DA:86,106
LF:28
LH:20
BRDA:15,0,0,0
BRDA:15,0,1,705
BRDA:15,1,0,705
BRDA:15,1,1,705
BRDA:15,2,0,0
BRDA:15,2,1,0
BRDA:18,3,0,0
BRDA:18,3,1,705
BRDA:18,4,0,705
BRDA:18,4,1,705
BRDA:18,5,0,0
BRDA:18,5,1,0
BRDA:28,6,0,2
BRDA:28,6,1,497
BRDA:28,7,0,499
BRDA:28,7,1,497
BRDA:33,8,0,409
BRDA:33,8,1,88
BRDA:48,9,0,0
BRDA:48,9,1,0
BRDA:48,10,0,0
BRDA:48,10,1,0
BRDA:59,11,0,0
BRDA:61,12,0,0
BRDA:61,12,1,0
BRDA:62,13,0,0
BRDA:62,13,1,0
BRDA:62,14,0,0
BRDA:62,14,1,0
BRDA:75,15,0,0
BRDA:75,15,1,390
BRDA:77,16,0,0
BRDA:77,16,1,390
BRDA:78,17,0,390
BRDA:78,17,1,0
BRDA:79,18,0,0
BRDA:79,18,1,390
BRDA:79,19,0,390
BRDA:79,19,1,0
BRF:39
BRH:17
end_of_record
TN:
SF:utils\topicTaxonomy.js
FN:18,loadBiologyTaxonomy
FN:26,loadChemistryTaxonomy
FN:34,loadPhysicsTaxonomy
FN:42,loadMathsFoundationTaxonomy
FN:50,loadMathsHigherTaxonomy
FN:58,loadFurtherMathsTaxonomy
FN:66,loadEnglishLiteratureTaxonomy
FN:74,loadEnglishLanguageTaxonomy
FN:83,loadTaxonomy
FN:91,getBiologyTopics
FN:99,getChemistryTopics
FN:107,getPhysicsTopics
FN:115,getMathsFoundationTopics
FN:123,getMathsHigherTopics
FN:131,getFurtherMathsTopics
FN:139,getEnglishLiteratureTopics
FN:147,getEnglishLanguageTopics
FN:156,findTopicByKey
FN:164,(anonymous_18)
FN:175,findChemistryTopicByKey
FN:183,(anonymous_20)
FN:194,findPhysicsTopicByKey
FN:202,(anonymous_22)
FN:213,findMathsFoundationTopicByKey
FN:221,(anonymous_24)
FN:232,findMathsHigherTopicByKey
FN:240,(anonymous_26)
FN:251,findFurtherMathsTopicByKey
FN:259,(anonymous_28)
FN:270,findEnglishLiteratureTopicByKey
FN:278,(anonymous_30)
FN:289,findEnglishLanguageTopicByKey
FN:297,(anonymous_32)
FN:310,isValidTopicForSpec
FN:348,findTopicBySpecAndKey
FN:388,topicToKey
FN:407,topicDisplayToCanonicalKey
FN:416,(anonymous_37)
FN:429,getSiblingTopicKeysAndKeywords
FN:443,(anonymous_39)
FN:458,(anonymous_40)
FN:467,(anonymous_41)
FN:482,getTaxonomyBySpecKey
FNF:43
FNH:31
FNDA:424,loadBiologyTaxonomy
FNDA:10,loadChemistryTaxonomy
FNDA:6,loadPhysicsTaxonomy
FNDA:6,loadMathsFoundationTaxonomy
FNDA:6,loadMathsHigherTaxonomy
FNDA:6,loadFurtherMathsTaxonomy
FNDA:5,loadEnglishLiteratureTaxonomy
FNDA:5,loadEnglishLanguageTaxonomy
FNDA:200,loadTaxonomy
FNDA:224,getBiologyTopics
FNDA:8,getChemistryTopics
FNDA:6,getPhysicsTopics
FNDA:6,getMathsFoundationTopics
FNDA:6,getMathsHigherTopics
FNDA:6,getFurtherMathsTopics
FNDA:5,getEnglishLiteratureTopics
FNDA:5,getEnglishLanguageTopics
FNDA:202,findTopicByKey
FNDA:5621,(anonymous_18)
FNDA:2,findChemistryTopicByKey
FNDA:50,(anonymous_20)
FNDA:0,findPhysicsTopicByKey
FNDA:0,(anonymous_22)
FNDA:0,findMathsFoundationTopicByKey
FNDA:0,(anonymous_24)
FNDA:0,findMathsHigherTopicByKey
FNDA:0,(anonymous_26)
FNDA:0,findFurtherMathsTopicByKey
FNDA:0,(anonymous_28)
FNDA:0,findEnglishLiteratureTopicByKey
FNDA:0,(anonymous_30)
FNDA:0,findEnglishLanguageTopicByKey
FNDA:0,(anonymous_32)
FNDA:91,isValidTopicForSpec
FNDA:32,findTopicBySpecAndKey
FNDA:70,topicToKey
FNDA:2,topicDisplayToCanonicalKey
FNDA:120,(anonymous_37)
FNDA:20,getSiblingTopicKeysAndKeywords
FNDA:229,(anonymous_39)
FNDA:1020,(anonymous_40)
FNDA:1812,(anonymous_41)
FNDA:262,getTaxonomyBySpecKey
DA:5,106
DA:6,106
DA:7,106
DA:9,106
DA:10,106
DA:11,106
DA:12,106
DA:13,106
DA:14,106
DA:15,106
DA:16,106
DA:19,424
DA:20,51
DA:21,51
DA:22,51
DA:23,51
DA:27,10
DA:28,3
DA:29,3
DA:30,3
DA:31,3
DA:35,6
DA:36,2
DA:37,2
DA:38,2
DA:39,2
DA:43,6
DA:44,2
DA:45,2
DA:46,2
DA:47,2
DA:51,6
DA:52,2
DA:53,2
DA:54,2
DA:55,2
DA:59,6
DA:60,2
DA:61,2
DA:62,2
DA:63,2
DA:67,5
DA:68,2
DA:69,2
DA:70,2
DA:71,2
DA:75,5
DA:76,2
DA:77,2
DA:78,2
DA:79,2
DA:84,200
DA:92,224
DA:100,8
DA:108,6
DA:116,6
DA:124,6
DA:132,6
DA:140,5
DA:148,5
DA:157,202
DA:158,200
DA:159,200
DA:160,200
DA:161,200
DA:162,200
DA:163,495
DA:164,5621
DA:165,495
DA:167,18
DA:176,2
DA:177,2
DA:178,2
DA:179,2
DA:180,2
DA:181,2
DA:182,16
DA:183,50
DA:184,16
DA:186,1
DA:195,0
DA:196,0
DA:197,0
DA:198,0
DA:199,0
DA:200,0
DA:201,0
DA:202,0
DA:203,0
DA:205,0
DA:214,0
DA:215,0
DA:216,0
DA:217,0
DA:218,0
DA:219,0
DA:220,0
DA:221,0
DA:222,0
DA:224,0
DA:233,0
DA:234,0
DA:235,0
DA:236,0
DA:237,0
DA:238,0
DA:239,0
DA:240,0
DA:241,0
DA:243,0
DA:252,0
DA:253,0
DA:254,0
DA:255,0
DA:256,0
DA:257,0
DA:258,0
DA:259,0
DA:260,0
DA:262,0
DA:271,0
DA:272,0
DA:273,0
DA:274,0
DA:275,0
DA:276,0
DA:277,0
DA:278,0
DA:279,0
DA:281,0
DA:290,0
DA:291,0
DA:292,0
DA:293,0
DA:294,0
DA:295,0
DA:296,0
DA:297,0
DA:298,0
DA:300,0
DA:311,91
DA:312,91
DA:313,91
DA:314,91
DA:315,91
DA:316,89
DA:318,2
DA:319,2
DA:321,0
DA:322,0
DA:324,0
DA:325,0
DA:327,0
DA:328,0
DA:330,0
DA:331,0
DA:333,0
DA:334,0
DA:336,0
DA:337,0
DA:339,0
DA:349,32
DA:350,32
DA:351,32
DA:352,32
DA:353,32
DA:354,32
DA:356,0
DA:357,0
DA:359,0
DA:360,0
DA:362,0
DA:363,0
DA:365,0
DA:366,0
DA:368,0
DA:369,0
DA:371,0
DA:372,0
DA:374,0
DA:375,0
DA:377,0
DA:389,70
DA:390,70
DA:408,2
DA:409,2
DA:410,2
DA:411,2
DA:412,2
DA:413,2
DA:414,2
DA:415,8
DA:416,120
DA:417,8
DA:419,1
DA:430,20
DA:431,20
DA:432,20
DA:434,20
DA:435,20
DA:437,20
DA:438,20
DA:439,20
DA:441,20
DA:442,33
DA:443,229
DA:444,33
DA:445,20
DA:446,20
DA:450,20
DA:452,20
DA:453,20
DA:454,416
DA:455,396
DA:456,396
DA:457,396
DA:458,1020
DA:460,396
DA:461,396
DA:462,396
DA:466,20
DA:467,20
DA:468,1812
DA:469,1812
DA:470,1304
DA:471,1304
DA:474,20
DA:483,262
DA:485,215
DA:487,8
DA:489,6
DA:491,6
DA:493,6
DA:495,6
DA:497,5
DA:499,5
DA:501,5
DA:505,106
LF:238
LH:150
BRDA:19,0,0,373
BRDA:19,0,1,51
BRDA:27,1,0,7
BRDA:27,1,1,3
BRDA:35,2,0,4
BRDA:35,2,1,2
BRDA:43,3,0,4
BRDA:43,3,1,2
BRDA:51,4,0,4
BRDA:51,4,1,2
BRDA:59,5,0,4
BRDA:59,5,1,2
BRDA:67,6,0,3
BRDA:67,6,1,2
BRDA:75,7,0,3
BRDA:75,7,1,2
BRDA:157,8,0,2
BRDA:157,8,1,200
BRDA:157,9,0,202
BRDA:157,9,1,200
BRDA:159,10,0,0
BRDA:159,10,1,200
BRDA:161,11,0,0
BRDA:161,11,1,200
BRDA:163,12,0,495
BRDA:163,12,1,0
BRDA:165,13,0,182
BRDA:165,13,1,313
BRDA:176,14,0,0
BRDA:176,14,1,2
BRDA:176,15,0,2
BRDA:176,15,1,2
BRDA:178,16,0,0
BRDA:178,16,1,2
BRDA:180,17,0,0
BRDA:180,17,1,2
BRDA:182,18,0,16
BRDA:182,18,1,0
BRDA:184,19,0,1
BRDA:184,19,1,15
BRDA:195,20,0,0
BRDA:195,20,1,0
BRDA:195,21,0,0
BRDA:195,21,1,0
BRDA:197,22,0,0
BRDA:197,22,1,0
BRDA:199,23,0,0
BRDA:199,23,1,0
BRDA:201,24,0,0
BRDA:201,24,1,0
BRDA:203,25,0,0
BRDA:203,25,1,0
BRDA:214,26,0,0
BRDA:214,26,1,0
BRDA:214,27,0,0
BRDA:214,27,1,0
BRDA:216,28,0,0
BRDA:216,28,1,0
BRDA:218,29,0,0
BRDA:218,29,1,0
BRDA:220,30,0,0
BRDA:220,30,1,0
BRDA:222,31,0,0
BRDA:222,31,1,0
BRDA:233,32,0,0
BRDA:233,32,1,0
BRDA:233,33,0,0
BRDA:233,33,1,0
BRDA:235,34,0,0
BRDA:235,34,1,0
BRDA:237,35,0,0
BRDA:237,35,1,0
BRDA:239,36,0,0
BRDA:239,36,1,0
BRDA:241,37,0,0
BRDA:241,37,1,0
BRDA:252,38,0,0
BRDA:252,38,1,0
BRDA:252,39,0,0
BRDA:252,39,1,0
BRDA:254,40,0,0
BRDA:254,40,1,0
BRDA:256,41,0,0
BRDA:256,41,1,0
BRDA:258,42,0,0
BRDA:258,42,1,0
BRDA:260,43,0,0
BRDA:260,43,1,0
BRDA:271,44,0,0
BRDA:271,44,1,0
BRDA:271,45,0,0
BRDA:271,45,1,0
BRDA:273,46,0,0
BRDA:273,46,1,0
BRDA:275,47,0,0
BRDA:275,47,1,0
BRDA:277,48,0,0
BRDA:277,48,1,0
BRDA:279,49,0,0
BRDA:279,49,1,0
BRDA:290,50,0,0
BRDA:290,50,1,0
BRDA:290,51,0,0
BRDA:290,51,1,0
BRDA:292,52,0,0
BRDA:292,52,1,0
BRDA:294,53,0,0
BRDA:294,53,1,0
BRDA:296,54,0,0
BRDA:296,54,1,0
BRDA:298,55,0,0
BRDA:298,55,1,0
BRDA:311,56,0,0
BRDA:311,56,1,91
BRDA:311,57,0,91
BRDA:311,57,1,91
BRDA:314,58,0,0
BRDA:314,58,1,91
BRDA:315,59,0,89
BRDA:315,59,1,2
BRDA:318,60,0,2
BRDA:318,60,1,0
BRDA:321,61,0,0
BRDA:321,61,1,0
BRDA:324,62,0,0
BRDA:324,62,1,0
BRDA:327,63,0,0
BRDA:327,63,1,0
BRDA:330,64,0,0
BRDA:330,64,1,0
BRDA:333,65,0,0
BRDA:333,65,1,0
BRDA:336,66,0,0
BRDA:336,66,1,0
BRDA:349,67,0,0
BRDA:349,67,1,32
BRDA:349,68,0,32
BRDA:349,68,1,32
BRDA:352,69,0,0
BRDA:352,69,1,32
BRDA:353,70,0,32
BRDA:353,70,1,0
BRDA:356,71,0,0
BRDA:356,71,1,0
BRDA:359,72,0,0
BRDA:359,72,1,0
BRDA:362,73,0,0
BRDA:362,73,1,0
BRDA:365,74,0,0
BRDA:365,74,1,0
BRDA:368,75,0,0
BRDA:368,75,1,0
BRDA:371,76,0,0
BRDA:371,76,1,0
BRDA:374,77,0,0
BRDA:374,77,1,0
BRDA:389,78,0,0
BRDA:389,78,1,70
BRDA:389,79,0,70
BRDA:389,79,1,70
BRDA:407,80,0,0
BRDA:408,81,0,0
BRDA:408,81,1,2
BRDA:408,82,0,2
BRDA:408,82,1,2
BRDA:410,83,0,0
BRDA:410,83,1,2
BRDA:412,84,0,0
BRDA:412,84,1,2
BRDA:412,85,0,2
BRDA:412,85,1,2
BRDA:415,86,0,8
BRDA:415,86,1,0
BRDA:416,87,0,120
BRDA:416,87,1,120
BRDA:417,88,0,1
BRDA:417,88,1,7
BRDA:417,89,0,8
BRDA:417,89,1,1
BRDA:430,90,0,0
BRDA:430,90,1,20
BRDA:430,91,0,20
BRDA:430,91,1,20
BRDA:432,92,0,0
BRDA:432,92,1,20
BRDA:435,93,0,0
BRDA:435,93,1,20
BRDA:435,94,0,20
BRDA:435,94,1,20
BRDA:442,95,0,33
BRDA:442,95,1,0
BRDA:444,96,0,20
BRDA:444,96,1,13
BRDA:450,97,0,0
BRDA:450,97,1,20
BRDA:452,98,0,20
BRDA:452,98,1,0
BRDA:454,99,0,20
BRDA:454,99,1,396
BRDA:456,100,0,396
BRDA:456,100,1,0
BRDA:460,101,0,396
BRDA:460,101,1,0
BRDA:469,102,0,508
BRDA:469,102,1,1304
BRDA:483,103,0,215
BRDA:483,103,1,8
BRDA:483,103,2,6
BRDA:483,103,3,6
BRDA:483,103,4,6
BRDA:483,103,5,6
BRDA:483,103,6,5
BRDA:483,103,7,5
BRDA:483,103,8,5
BRF:214
BRH:89
end_of_record
TN:
SF:utils\verifyIndexes.js
FN:11,indexKeysMatch
FN:21,hasRequiredUniqueIndex
FN:25,(anonymous_2)
FN:32,verifyIndexes
FN:56,(anonymous_4)
FNF:5
FNH:4
FNDA:0,indexKeysMatch
FNDA:6,hasRequiredUniqueIndex
FNDA:1,(anonymous_2)
FNDA:2,verifyIndexes
FNDA:6,(anonymous_4)
DA:5,1
DA:6,1
DA:7,1
DA:9,1
DA:12,0
DA:13,0
DA:14,0
DA:15,0
DA:16,0
DA:18,0
DA:22,6
DA:23,6
DA:24,1
DA:25,1
DA:28,5
DA:33,2
DA:34,2
DA:40,2
DA:41,6
DA:42,6
DA:43,6
DA:44,6
DA:45,6
DA:51,0
DA:52,0
DA:56,6
DA:57,2
DA:58,2
DA:63,2
DA:66,1
LF:30
LH:22
BRDA:14,0,0,0
BRDA:14,0,1,0
BRDA:16,1,0,0
BRDA:16,1,1,0
BRDA:25,2,0,1
BRDA:25,2,1,0
BRDA:25,3,0,0
BRDA:25,3,1,0
BRDA:44,4,0,6
BRDA:44,4,1,0
BRDA:57,5,0,2
BRDA:57,5,1,0
BRF:12
BRH:3
end_of_record
TN:
SF:workers\knowledgeRefreshWorker.js
FN:17,addLog
FN:23,runJob
FN:70,pollAndRun
FN:100,main
FN:113,(anonymous_4)
FN:115,(anonymous_5)
FN:121,(anonymous_6)
FNF:7
FNH:0
FNDA:0,addLog
FNDA:0,runJob
FNDA:0,pollAndRun
FNDA:0,main
FNDA:0,(anonymous_4)
FNDA:0,(anonymous_5)
FNDA:0,(anonymous_6)
DA:6,0
DA:7,0
DA:8,0
DA:9,0
DA:10,0
DA:11,0
DA:12,0
DA:14,0
DA:15,0
DA:18,0
DA:19,0
DA:20,0
DA:24,0
DA:26,0
DA:28,0
DA:31,0
DA:36,0
DA:37,0
DA:38,0
DA:42,0
DA:43,0
DA:44,0
DA:49,0
DA:50,0
DA:52,0
DA:55,0
DA:56,0
DA:57,0
DA:59,0
DA:64,0
DA:65,0
DA:67,0
DA:71,0
DA:75,0
DA:77,0
DA:78,0
DA:79,0
DA:81,0
DA:82,0
DA:83,0
DA:84,0
DA:86,0
DA:87,0
DA:88,0
DA:89,0
DA:90,0
DA:91,0
DA:93,0
DA:94,0
DA:97,0
DA:101,0
DA:102,0
DA:103,0
DA:104,0
DA:107,0
DA:108,0
DA:110,0
DA:111,0
DA:113,0
DA:114,0
DA:115,0
DA:117,0
DA:118,0
DA:121,0
DA:122,0
DA:123,0
LF:66
LH:0
BRDA:18,0,0,0
BRDA:18,0,1,0
BRDA:18,1,0,0
BRDA:18,1,1,0
BRDA:19,2,0,0
BRDA:19,2,1,0
BRDA:26,3,0,0
BRDA:26,3,1,0
BRDA:26,4,0,0
BRDA:26,4,1,0
BRDA:33,5,0,0
BRDA:33,5,1,0
BRDA:37,6,0,0
BRDA:37,6,1,0
BRDA:46,7,0,0
BRDA:46,7,1,0
BRDA:49,8,0,0
BRDA:49,8,1,0
BRDA:55,9,0,0
BRDA:55,9,1,0
BRDA:56,10,0,0
BRDA:56,10,1,0
BRDA:56,11,0,0
BRDA:56,11,1,0
BRDA:75,12,0,0
BRDA:75,12,1,0
BRDA:86,13,0,0
BRDA:86,13,1,0
BRDA:87,14,0,0
BRDA:87,14,1,0
BRDA:89,15,0,0
BRDA:89,15,1,0
BRDA:101,16,0,0
BRDA:101,16,1,0
BRDA:102,17,0,0
BRDA:102,17,1,0
BRF:36
BRH:0
end_of_record
